[0.148s] DEBUG:colcon:Command line arguments: ['/usr/bin/colcon', 'build', '--symlink-install']
[0.148s] DEBUG:colcon:Parsed command line arguments: Namespace(log_base=None, log_level=None, verb_name='build', build_base='build', install_base='install', merge_install=False, symlink_install=True, test_result_base=None, continue_on_error=False, executor='parallel', parallel_workers=8, event_handlers=None, ignore_user_meta=False, metas=['./colcon.meta'], base_paths=['.'], packages_ignore=None, packages_ignore_regex=None, paths=None, packages_up_to=None, packages_up_to_regex=None, packages_above=None, packages_above_and_dependencies=None, packages_above_depth=None, packages_select_by_dep=None, packages_skip_by_dep=None, packages_skip_up_to=None, packages_select_build_failed=False, packages_skip_build_finished=False, packages_select_test_failures=False, packages_skip_test_passed=False, packages_select=None, packages_skip=None, packages_select_regex=None, packages_skip_regex=None, packages_start=None, packages_end=None, allow_overriding=[], cmake_args=None, cmake_target=None, cmake_target_skip_unavailable=False, cmake_clean_cache=False, cmake_clean_first=False, cmake_force_configure=False, ament_cmake_args=None, catkin_cmake_args=None, catkin_skip_building_tests=False, verb_parser=<colcon_defaults.argument_parser.defaults.DefaultArgumentsDecorator object at 0x781f64331420>, verb_extension=<colcon_core.verb.build.BuildVerb object at 0x781f64330fd0>, main=<bound method BuildVerb.main of <colcon_core.verb.build.BuildVerb object at 0x781f64330fd0>>)
[0.407s] Level 1:colcon.colcon_core.package_discovery:discover_packages(colcon_meta) check parameters
[0.407s] Level 1:colcon.colcon_core.package_discovery:discover_packages(recursive) check parameters
[0.407s] Level 1:colcon.colcon_core.package_discovery:discover_packages(ignore) check parameters
[0.407s] Level 1:colcon.colcon_core.package_discovery:discover_packages(path) check parameters
[0.407s] Level 1:colcon.colcon_core.package_discovery:discover_packages(colcon_meta) discover
[0.407s] Level 1:colcon.colcon_core.package_discovery:discover_packages(recursive) discover
[0.408s] INFO:colcon.colcon_core.package_discovery:Crawling recursively for packages in '/home/oscar/ros2_ws_2402'
[0.408s] Level 1:colcon.colcon_core.package_identification:_identify(.) by extensions ['ignore', 'ignore_ament_install']
[0.408s] Level 1:colcon.colcon_core.package_identification:_identify(.) by extension 'ignore'
[0.408s] Level 1:colcon.colcon_core.package_identification:_identify(.) by extension 'ignore_ament_install'
[0.408s] Level 1:colcon.colcon_core.package_identification:_identify(.) by extensions ['colcon_pkg']
[0.408s] Level 1:colcon.colcon_core.package_identification:_identify(.) by extension 'colcon_pkg'
[0.408s] Level 1:colcon.colcon_core.package_identification:_identify(.) by extensions ['colcon_meta']
[0.408s] Level 1:colcon.colcon_core.package_identification:_identify(.) by extension 'colcon_meta'
[0.408s] Level 1:colcon.colcon_core.package_identification:_identify(.) by extensions ['ros']
[0.408s] Level 1:colcon.colcon_core.package_identification:_identify(.) by extension 'ros'
[0.427s] Level 1:colcon.colcon_core.package_identification:_identify(.) by extensions ['cmake', 'python']
[0.427s] Level 1:colcon.colcon_core.package_identification:_identify(.) by extension 'cmake'
[0.427s] Level 1:colcon.colcon_core.package_identification:_identify(.) by extension 'python'
[0.427s] Level 1:colcon.colcon_core.package_identification:_identify(.) by extensions ['python_setup_py']
[0.427s] Level 1:colcon.colcon_core.package_identification:_identify(.) by extension 'python_setup_py'
[0.427s] Level 1:colcon.colcon_core.package_identification:_identify(build) by extensions ['ignore', 'ignore_ament_install']
[0.427s] Level 1:colcon.colcon_core.package_identification:_identify(build) by extension 'ignore'
[0.427s] Level 1:colcon.colcon_core.package_identification:_identify(build) ignored
[0.428s] Level 1:colcon.colcon_core.package_identification:_identify(install) by extensions ['ignore', 'ignore_ament_install']
[0.428s] Level 1:colcon.colcon_core.package_identification:_identify(install) by extension 'ignore'
[0.428s] Level 1:colcon.colcon_core.package_identification:_identify(install) ignored
[0.428s] Level 1:colcon.colcon_core.package_identification:_identify(log) by extensions ['ignore', 'ignore_ament_install']
[0.428s] Level 1:colcon.colcon_core.package_identification:_identify(log) by extension 'ignore'
[0.428s] Level 1:colcon.colcon_core.package_identification:_identify(log) ignored
[0.428s] Level 1:colcon.colcon_core.package_identification:_identify(src) by extensions ['ignore', 'ignore_ament_install']
[0.429s] Level 1:colcon.colcon_core.package_identification:_identify(src) by extension 'ignore'
[0.429s] Level 1:colcon.colcon_core.package_identification:_identify(src) by extension 'ignore_ament_install'
[0.429s] Level 1:colcon.colcon_core.package_identification:_identify(src) by extensions ['colcon_pkg']
[0.429s] Level 1:colcon.colcon_core.package_identification:_identify(src) by extension 'colcon_pkg'
[0.429s] Level 1:colcon.colcon_core.package_identification:_identify(src) by extensions ['colcon_meta']
[0.429s] Level 1:colcon.colcon_core.package_identification:_identify(src) by extension 'colcon_meta'
[0.429s] Level 1:colcon.colcon_core.package_identification:_identify(src) by extensions ['ros']
[0.429s] Level 1:colcon.colcon_core.package_identification:_identify(src) by extension 'ros'
[0.429s] Level 1:colcon.colcon_core.package_identification:_identify(src) by extensions ['cmake', 'python']
[0.429s] Level 1:colcon.colcon_core.package_identification:_identify(src) by extension 'cmake'
[0.429s] Level 1:colcon.colcon_core.package_identification:_identify(src) by extension 'python'
[0.429s] Level 1:colcon.colcon_core.package_identification:_identify(src) by extensions ['python_setup_py']
[0.429s] Level 1:colcon.colcon_core.package_identification:_identify(src) by extension 'python_setup_py'
[0.430s] Level 1:colcon.colcon_core.package_identification:_identify(src/f112th_sim_2402_bravo) by extensions ['ignore', 'ignore_ament_install']
[0.430s] Level 1:colcon.colcon_core.package_identification:_identify(src/f112th_sim_2402_bravo) by extension 'ignore'
[0.430s] Level 1:colcon.colcon_core.package_identification:_identify(src/f112th_sim_2402_bravo) by extension 'ignore_ament_install'
[0.430s] Level 1:colcon.colcon_core.package_identification:_identify(src/f112th_sim_2402_bravo) by extensions ['colcon_pkg']
[0.430s] Level 1:colcon.colcon_core.package_identification:_identify(src/f112th_sim_2402_bravo) by extension 'colcon_pkg'
[0.430s] Level 1:colcon.colcon_core.package_identification:_identify(src/f112th_sim_2402_bravo) by extensions ['colcon_meta']
[0.430s] Level 1:colcon.colcon_core.package_identification:_identify(src/f112th_sim_2402_bravo) by extension 'colcon_meta'
[0.430s] Level 1:colcon.colcon_core.package_identification:_identify(src/f112th_sim_2402_bravo) by extensions ['ros']
[0.430s] Level 1:colcon.colcon_core.package_identification:_identify(src/f112th_sim_2402_bravo) by extension 'ros'
[0.434s] DEBUG:colcon.colcon_core.package_identification:Package 'src/f112th_sim_2402_bravo' with type 'ros.ament_cmake' and name 'f112th_sim_2402_bravo'
[0.435s] Level 1:colcon.colcon_core.package_identification:_identify(src/joy_tester) by extensions ['ignore', 'ignore_ament_install']
[0.435s] Level 1:colcon.colcon_core.package_identification:_identify(src/joy_tester) by extension 'ignore'
[0.435s] Level 1:colcon.colcon_core.package_identification:_identify(src/joy_tester) by extension 'ignore_ament_install'
[0.435s] Level 1:colcon.colcon_core.package_identification:_identify(src/joy_tester) by extensions ['colcon_pkg']
[0.435s] Level 1:colcon.colcon_core.package_identification:_identify(src/joy_tester) by extension 'colcon_pkg'
[0.435s] Level 1:colcon.colcon_core.package_identification:_identify(src/joy_tester) by extensions ['colcon_meta']
[0.435s] Level 1:colcon.colcon_core.package_identification:_identify(src/joy_tester) by extension 'colcon_meta'
[0.435s] Level 1:colcon.colcon_core.package_identification:_identify(src/joy_tester) by extensions ['ros']
[0.435s] Level 1:colcon.colcon_core.package_identification:_identify(src/joy_tester) by extension 'ros'
[0.436s] DEBUG:colcon.colcon_core.package_identification:Package 'src/joy_tester' with type 'ros.ament_python' and name 'joy_tester'
[0.437s] Level 1:colcon.colcon_core.package_discovery:discover_packages(recursive) using defaults
[0.437s] Level 1:colcon.colcon_core.package_discovery:discover_packages(ignore) discover
[0.437s] Level 1:colcon.colcon_core.package_discovery:discover_packages(ignore) using defaults
[0.437s] Level 1:colcon.colcon_core.package_discovery:discover_packages(path) discover
[0.437s] Level 1:colcon.colcon_core.package_discovery:discover_packages(path) using defaults
[0.472s] Level 1:colcon.colcon_core.package_discovery:discover_packages(prefix_path) check parameters
[0.472s] Level 1:colcon.colcon_core.package_discovery:discover_packages(prefix_path) discover
[0.475s] DEBUG:colcon.colcon_installed_package_information.package_discovery:Found 2 installed packages in /home/oscar/ros2_ws_2402/install
[0.479s] DEBUG:colcon.colcon_installed_package_information.package_discovery:Found 390 installed packages in /opt/ros/humble
[0.504s] Level 1:colcon.colcon_core.package_discovery:discover_packages(prefix_path) using defaults
[0.572s] Level 5:colcon.colcon_core.verb:set package 'f112th_sim_2402_bravo' build argument 'cmake_args' from command line to 'None'
[0.572s] Level 5:colcon.colcon_core.verb:set package 'f112th_sim_2402_bravo' build argument 'cmake_target' from command line to 'None'
[0.573s] Level 5:colcon.colcon_core.verb:set package 'f112th_sim_2402_bravo' build argument 'cmake_target_skip_unavailable' from command line to 'False'
[0.573s] Level 5:colcon.colcon_core.verb:set package 'f112th_sim_2402_bravo' build argument 'cmake_clean_cache' from command line to 'False'
[0.573s] Level 5:colcon.colcon_core.verb:set package 'f112th_sim_2402_bravo' build argument 'cmake_clean_first' from command line to 'False'
[0.573s] Level 5:colcon.colcon_core.verb:set package 'f112th_sim_2402_bravo' build argument 'cmake_force_configure' from command line to 'False'
[0.573s] Level 5:colcon.colcon_core.verb:set package 'f112th_sim_2402_bravo' build argument 'ament_cmake_args' from command line to 'None'
[0.573s] Level 5:colcon.colcon_core.verb:set package 'f112th_sim_2402_bravo' build argument 'catkin_cmake_args' from command line to 'None'
[0.573s] Level 5:colcon.colcon_core.verb:set package 'f112th_sim_2402_bravo' build argument 'catkin_skip_building_tests' from command line to 'False'
[0.573s] DEBUG:colcon.colcon_core.verb:Building package 'f112th_sim_2402_bravo' with the following arguments: {'ament_cmake_args': None, 'build_base': '/home/oscar/ros2_ws_2402/build/f112th_sim_2402_bravo', 'catkin_cmake_args': None, 'catkin_skip_building_tests': False, 'cmake_args': None, 'cmake_clean_cache': False, 'cmake_clean_first': False, 'cmake_force_configure': False, 'cmake_target': None, 'cmake_target_skip_unavailable': False, 'install_base': '/home/oscar/ros2_ws_2402/install/f112th_sim_2402_bravo', 'merge_install': False, 'path': '/home/oscar/ros2_ws_2402/src/f112th_sim_2402_bravo', 'symlink_install': True, 'test_result_base': None}
[0.573s] Level 5:colcon.colcon_core.verb:set package 'joy_tester' build argument 'cmake_args' from command line to 'None'
[0.573s] Level 5:colcon.colcon_core.verb:set package 'joy_tester' build argument 'cmake_target' from command line to 'None'
[0.573s] Level 5:colcon.colcon_core.verb:set package 'joy_tester' build argument 'cmake_target_skip_unavailable' from command line to 'False'
[0.573s] Level 5:colcon.colcon_core.verb:set package 'joy_tester' build argument 'cmake_clean_cache' from command line to 'False'
[0.573s] Level 5:colcon.colcon_core.verb:set package 'joy_tester' build argument 'cmake_clean_first' from command line to 'False'
[0.573s] Level 5:colcon.colcon_core.verb:set package 'joy_tester' build argument 'cmake_force_configure' from command line to 'False'
[0.573s] Level 5:colcon.colcon_core.verb:set package 'joy_tester' build argument 'ament_cmake_args' from command line to 'None'
[0.574s] Level 5:colcon.colcon_core.verb:set package 'joy_tester' build argument 'catkin_cmake_args' from command line to 'None'
[0.574s] Level 5:colcon.colcon_core.verb:set package 'joy_tester' build argument 'catkin_skip_building_tests' from command line to 'False'
[0.574s] DEBUG:colcon.colcon_core.verb:Building package 'joy_tester' with the following arguments: {'ament_cmake_args': None, 'build_base': '/home/oscar/ros2_ws_2402/build/joy_tester', 'catkin_cmake_args': None, 'catkin_skip_building_tests': False, 'cmake_args': None, 'cmake_clean_cache': False, 'cmake_clean_first': False, 'cmake_force_configure': False, 'cmake_target': None, 'cmake_target_skip_unavailable': False, 'install_base': '/home/oscar/ros2_ws_2402/install/joy_tester', 'merge_install': False, 'path': '/home/oscar/ros2_ws_2402/src/joy_tester', 'symlink_install': True, 'test_result_base': None}
[0.574s] INFO:colcon.colcon_core.executor:Executing jobs using 'parallel' executor
[0.575s] DEBUG:colcon.colcon_parallel_executor.executor.parallel:run_until_complete
[0.575s] INFO:colcon.colcon_ros.task.ament_cmake.build:Building ROS package in '/home/oscar/ros2_ws_2402/src/f112th_sim_2402_bravo' with build type 'ament_cmake'
[0.575s] INFO:colcon.colcon_cmake.task.cmake.build:Building CMake package in '/home/oscar/ros2_ws_2402/src/f112th_sim_2402_bravo'
[0.578s] INFO:colcon.colcon_core.plugin_system:Skipping extension 'colcon_core.shell.bat': Not used on non-Windows systems
[0.578s] INFO:colcon.colcon_core.shell:Skip shell extension 'powershell' for command environment: Not usable outside of PowerShell
[0.578s] DEBUG:colcon.colcon_core.shell:Skip shell extension 'dsv' for command environment
[0.585s] INFO:colcon.colcon_ros.task.ament_python.build:Building ROS package in '/home/oscar/ros2_ws_2402/src/joy_tester' with build type 'ament_python'
[0.585s] Level 1:colcon.colcon_core.shell:create_environment_hook('joy_tester', 'ament_prefix_path')
[0.586s] INFO:colcon.colcon_core.shell:Creating environment hook '/home/oscar/ros2_ws_2402/install/joy_tester/share/joy_tester/hook/ament_prefix_path.ps1'
[0.587s] INFO:colcon.colcon_core.shell:Creating environment descriptor '/home/oscar/ros2_ws_2402/install/joy_tester/share/joy_tester/hook/ament_prefix_path.dsv'
[0.588s] INFO:colcon.colcon_core.shell:Creating environment hook '/home/oscar/ros2_ws_2402/install/joy_tester/share/joy_tester/hook/ament_prefix_path.sh'
[0.589s] INFO:colcon.colcon_core.shell:Skip shell extension 'powershell' for command environment: Not usable outside of PowerShell
[0.589s] DEBUG:colcon.colcon_core.shell:Skip shell extension 'dsv' for command environment
[0.603s] DEBUG:colcon.colcon_core.event_handler.log_command:Invoking command in '/home/oscar/ros2_ws_2402/build/f112th_sim_2402_bravo': CMAKE_PREFIX_PATH=${CMAKE_PREFIX_PATH}:/home/oscar/ros2_ws_2402/install/joy_tester:/opt/ros/humble /usr/bin/cmake --build /home/oscar/ros2_ws_2402/build/f112th_sim_2402_bravo -- -j8 -l8
[1.043s] INFO:colcon.colcon_core.task.python.build:Building Python package in '/home/oscar/ros2_ws_2402/src/joy_tester'
[1.043s] INFO:colcon.colcon_core.shell:Skip shell extension 'powershell' for command environment: Not usable outside of PowerShell
[1.044s] DEBUG:colcon.colcon_core.shell:Skip shell extension 'dsv' for command environment
[1.052s] DEBUG:colcon.colcon_core.event_handler.log_command:Invoked command in '/home/oscar/ros2_ws_2402/build/f112th_sim_2402_bravo' returned '0': CMAKE_PREFIX_PATH=${CMAKE_PREFIX_PATH}:/home/oscar/ros2_ws_2402/install/joy_tester:/opt/ros/humble /usr/bin/cmake --build /home/oscar/ros2_ws_2402/build/f112th_sim_2402_bravo -- -j8 -l8
[1.115s] DEBUG:colcon.colcon_core.event_handler.log_command:Invoking command in '/home/oscar/ros2_ws_2402/build/f112th_sim_2402_bravo': CMAKE_PREFIX_PATH=${CMAKE_PREFIX_PATH}:/home/oscar/ros2_ws_2402/install/joy_tester:/opt/ros/humble /usr/bin/cmake --install /home/oscar/ros2_ws_2402/build/f112th_sim_2402_bravo
[1.156s] Level 1:colcon.colcon_core.environment:create_environment_scripts_only(f112th_sim_2402_bravo)
[1.157s] DEBUG:colcon.colcon_core.event_handler.log_command:Invoked command in '/home/oscar/ros2_ws_2402/build/f112th_sim_2402_bravo' returned '0': CMAKE_PREFIX_PATH=${CMAKE_PREFIX_PATH}:/home/oscar/ros2_ws_2402/install/joy_tester:/opt/ros/humble /usr/bin/cmake --install /home/oscar/ros2_ws_2402/build/f112th_sim_2402_bravo
[1.160s] Level 1:colcon.colcon_core.environment:checking '/home/oscar/ros2_ws_2402/install/f112th_sim_2402_bravo' for CMake module files
[1.161s] Level 1:colcon.colcon_core.environment:checking '/home/oscar/ros2_ws_2402/install/f112th_sim_2402_bravo' for CMake config files
[1.161s] Level 1:colcon.colcon_core.shell:create_environment_hook('f112th_sim_2402_bravo', 'cmake_prefix_path')
[1.162s] INFO:colcon.colcon_core.shell:Creating environment hook '/home/oscar/ros2_ws_2402/install/f112th_sim_2402_bravo/share/f112th_sim_2402_bravo/hook/cmake_prefix_path.ps1'
[1.163s] INFO:colcon.colcon_core.shell:Creating environment descriptor '/home/oscar/ros2_ws_2402/install/f112th_sim_2402_bravo/share/f112th_sim_2402_bravo/hook/cmake_prefix_path.dsv'
[1.163s] INFO:colcon.colcon_core.shell:Creating environment hook '/home/oscar/ros2_ws_2402/install/f112th_sim_2402_bravo/share/f112th_sim_2402_bravo/hook/cmake_prefix_path.sh'
[1.164s] Level 1:colcon.colcon_core.environment:checking '/home/oscar/ros2_ws_2402/install/f112th_sim_2402_bravo/bin'
[1.165s] Level 1:colcon.colcon_core.environment:checking '/home/oscar/ros2_ws_2402/install/f112th_sim_2402_bravo/lib/pkgconfig/f112th_sim_2402_bravo.pc'
[1.165s] Level 1:colcon.colcon_core.environment:checking '/home/oscar/ros2_ws_2402/install/f112th_sim_2402_bravo/lib/python3.10/site-packages'
[1.165s] Level 1:colcon.colcon_core.environment:checking '/home/oscar/ros2_ws_2402/install/f112th_sim_2402_bravo/bin'
[1.166s] INFO:colcon.colcon_core.shell:Creating package script '/home/oscar/ros2_ws_2402/install/f112th_sim_2402_bravo/share/f112th_sim_2402_bravo/package.ps1'
[1.168s] INFO:colcon.colcon_core.shell:Creating package descriptor '/home/oscar/ros2_ws_2402/install/f112th_sim_2402_bravo/share/f112th_sim_2402_bravo/package.dsv'
[1.168s] INFO:colcon.colcon_core.shell:Creating package script '/home/oscar/ros2_ws_2402/install/f112th_sim_2402_bravo/share/f112th_sim_2402_bravo/package.sh'
[1.170s] INFO:colcon.colcon_core.shell:Creating package script '/home/oscar/ros2_ws_2402/install/f112th_sim_2402_bravo/share/f112th_sim_2402_bravo/package.bash'
[1.171s] INFO:colcon.colcon_core.shell:Creating package script '/home/oscar/ros2_ws_2402/install/f112th_sim_2402_bravo/share/f112th_sim_2402_bravo/package.zsh'
[1.172s] Level 1:colcon.colcon_core.environment:create_file_with_runtime_dependencies(/home/oscar/ros2_ws_2402/install/f112th_sim_2402_bravo/share/colcon-core/packages/f112th_sim_2402_bravo)
[1.215s] Level 1:colcon.colcon_core.environment:create_environment_scripts_only(f112th_sim_2402_bravo)
[1.215s] Level 1:colcon.colcon_core.environment:checking '/home/oscar/ros2_ws_2402/install/f112th_sim_2402_bravo' for CMake module files
[1.216s] Level 1:colcon.colcon_core.environment:checking '/home/oscar/ros2_ws_2402/install/f112th_sim_2402_bravo' for CMake config files
[1.217s] Level 1:colcon.colcon_core.shell:create_environment_hook('f112th_sim_2402_bravo', 'cmake_prefix_path')
[1.217s] INFO:colcon.colcon_core.shell:Creating environment hook '/home/oscar/ros2_ws_2402/install/f112th_sim_2402_bravo/share/f112th_sim_2402_bravo/hook/cmake_prefix_path.ps1'
[1.218s] INFO:colcon.colcon_core.shell:Creating environment descriptor '/home/oscar/ros2_ws_2402/install/f112th_sim_2402_bravo/share/f112th_sim_2402_bravo/hook/cmake_prefix_path.dsv'
[1.218s] INFO:colcon.colcon_core.shell:Creating environment hook '/home/oscar/ros2_ws_2402/install/f112th_sim_2402_bravo/share/f112th_sim_2402_bravo/hook/cmake_prefix_path.sh'
[1.219s] Level 1:colcon.colcon_core.environment:checking '/home/oscar/ros2_ws_2402/install/f112th_sim_2402_bravo/bin'
[1.219s] Level 1:colcon.colcon_core.environment:checking '/home/oscar/ros2_ws_2402/install/f112th_sim_2402_bravo/lib/pkgconfig/f112th_sim_2402_bravo.pc'
[1.220s] Level 1:colcon.colcon_core.environment:checking '/home/oscar/ros2_ws_2402/install/f112th_sim_2402_bravo/lib/python3.10/site-packages'
[1.220s] Level 1:colcon.colcon_core.environment:checking '/home/oscar/ros2_ws_2402/install/f112th_sim_2402_bravo/bin'
[1.221s] INFO:colcon.colcon_core.shell:Creating package script '/home/oscar/ros2_ws_2402/install/f112th_sim_2402_bravo/share/f112th_sim_2402_bravo/package.ps1'
[1.221s] INFO:colcon.colcon_core.shell:Creating package descriptor '/home/oscar/ros2_ws_2402/install/f112th_sim_2402_bravo/share/f112th_sim_2402_bravo/package.dsv'
[1.222s] INFO:colcon.colcon_core.shell:Creating package script '/home/oscar/ros2_ws_2402/install/f112th_sim_2402_bravo/share/f112th_sim_2402_bravo/package.sh'
[1.222s] INFO:colcon.colcon_core.shell:Creating package script '/home/oscar/ros2_ws_2402/install/f112th_sim_2402_bravo/share/f112th_sim_2402_bravo/package.bash'
[1.223s] INFO:colcon.colcon_core.shell:Creating package script '/home/oscar/ros2_ws_2402/install/f112th_sim_2402_bravo/share/f112th_sim_2402_bravo/package.zsh'
[1.223s] Level 1:colcon.colcon_core.environment:create_file_with_runtime_dependencies(/home/oscar/ros2_ws_2402/install/f112th_sim_2402_bravo/share/colcon-core/packages/f112th_sim_2402_bravo)
[1.633s] DEBUG:colcon.colcon_core.event_handler.log_command:Invoking command in '/home/oscar/ros2_ws_2402/build/joy_tester': PYTHONPATH=/home/oscar/ros2_ws_2402/build/joy_tester/prefix_override:/usr/lib/python3/dist-packages/colcon_core/task/python/colcon_distutils_commands:/home/oscar/ros2_ws_2402/install/joy_tester/lib/python3.10/site-packages:${PYTHONPATH} /usr/bin/python3 -W ignore:setup.py install is deprecated setup.py develop --editable --build-directory /home/oscar/ros2_ws_2402/build/joy_tester/build --no-deps symlink_data
[2.365s] Level 1:colcon.colcon_core.shell:create_environment_hook('joy_tester', 'pythonpath_develop')
[2.366s] INFO:colcon.colcon_core.shell:Creating environment hook '/home/oscar/ros2_ws_2402/build/joy_tester/share/joy_tester/hook/pythonpath_develop.ps1'
[2.367s] DEBUG:colcon.colcon_core.event_handler.log_command:Invoked command in '/home/oscar/ros2_ws_2402/build/joy_tester' returned '0': PYTHONPATH=/home/oscar/ros2_ws_2402/build/joy_tester/prefix_override:/usr/lib/python3/dist-packages/colcon_core/task/python/colcon_distutils_commands:/home/oscar/ros2_ws_2402/install/joy_tester/lib/python3.10/site-packages:${PYTHONPATH} /usr/bin/python3 -W ignore:setup.py install is deprecated setup.py develop --editable --build-directory /home/oscar/ros2_ws_2402/build/joy_tester/build --no-deps symlink_data
[2.367s] INFO:colcon.colcon_core.shell:Creating environment descriptor '/home/oscar/ros2_ws_2402/build/joy_tester/share/joy_tester/hook/pythonpath_develop.dsv'
[2.368s] INFO:colcon.colcon_core.shell:Creating environment hook '/home/oscar/ros2_ws_2402/build/joy_tester/share/joy_tester/hook/pythonpath_develop.sh'
[2.369s] Level 1:colcon.colcon_core.environment:checking '/home/oscar/ros2_ws_2402/install/joy_tester' for CMake module files
[2.370s] Level 1:colcon.colcon_core.environment:checking '/home/oscar/ros2_ws_2402/install/joy_tester' for CMake config files
[2.371s] Level 1:colcon.colcon_core.environment:checking '/home/oscar/ros2_ws_2402/install/joy_tester/lib'
[2.372s] Level 1:colcon.colcon_core.environment:checking '/home/oscar/ros2_ws_2402/install/joy_tester/bin'
[2.372s] Level 1:colcon.colcon_core.environment:checking '/home/oscar/ros2_ws_2402/install/joy_tester/lib/pkgconfig/joy_tester.pc'
[2.372s] Level 1:colcon.colcon_core.environment:checking '/home/oscar/ros2_ws_2402/install/joy_tester/lib/python3.10/site-packages'
[2.372s] Level 1:colcon.colcon_core.shell:create_environment_hook('joy_tester', 'pythonpath')
[2.373s] INFO:colcon.colcon_core.shell:Creating environment hook '/home/oscar/ros2_ws_2402/install/joy_tester/share/joy_tester/hook/pythonpath.ps1'
[2.374s] INFO:colcon.colcon_core.shell:Creating environment descriptor '/home/oscar/ros2_ws_2402/install/joy_tester/share/joy_tester/hook/pythonpath.dsv'
[2.374s] INFO:colcon.colcon_core.shell:Creating environment hook '/home/oscar/ros2_ws_2402/install/joy_tester/share/joy_tester/hook/pythonpath.sh'
[2.375s] Level 1:colcon.colcon_core.environment:checking '/home/oscar/ros2_ws_2402/install/joy_tester/bin'
[2.375s] Level 1:colcon.colcon_core.environment:create_environment_scripts_only(joy_tester)
[2.376s] INFO:colcon.colcon_core.shell:Creating package script '/home/oscar/ros2_ws_2402/install/joy_tester/share/joy_tester/package.ps1'
[2.377s] INFO:colcon.colcon_core.shell:Creating package descriptor '/home/oscar/ros2_ws_2402/install/joy_tester/share/joy_tester/package.dsv'
[2.378s] INFO:colcon.colcon_core.shell:Creating package script '/home/oscar/ros2_ws_2402/install/joy_tester/share/joy_tester/package.sh'
[2.379s] INFO:colcon.colcon_core.shell:Creating package script '/home/oscar/ros2_ws_2402/install/joy_tester/share/joy_tester/package.bash'
[2.379s] INFO:colcon.colcon_core.shell:Creating package script '/home/oscar/ros2_ws_2402/install/joy_tester/share/joy_tester/package.zsh'
[2.380s] Level 1:colcon.colcon_core.environment:create_file_with_runtime_dependencies(/home/oscar/ros2_ws_2402/install/joy_tester/share/colcon-core/packages/joy_tester)
[2.380s] DEBUG:colcon.colcon_parallel_executor.executor.parallel:closing loop
[2.381s] DEBUG:colcon.colcon_parallel_executor.executor.parallel:loop closed
[2.381s] DEBUG:colcon.colcon_parallel_executor.executor.parallel:run_until_complete finished with '0'
[2.381s] DEBUG:colcon.colcon_core.event_reactor:joining thread
[2.389s] INFO:colcon.colcon_core.plugin_system:Skipping extension 'colcon_notification.desktop_notification.terminal_notifier': Not used on non-Darwin systems
[2.389s] INFO:colcon.colcon_core.plugin_system:Skipping extension 'colcon_notification.desktop_notification.win32': Not used on non-Windows systems
[2.389s] INFO:colcon.colcon_notification.desktop_notification:Sending desktop notification using 'notify2'
[2.407s] DEBUG:colcon.colcon_core.event_reactor:joined thread
[2.407s] INFO:colcon.colcon_core.shell:Creating prefix script '/home/oscar/ros2_ws_2402/install/local_setup.ps1'
[2.409s] INFO:colcon.colcon_core.shell:Creating prefix util module '/home/oscar/ros2_ws_2402/install/_local_setup_util_ps1.py'
[2.413s] INFO:colcon.colcon_core.shell:Creating prefix chain script '/home/oscar/ros2_ws_2402/install/setup.ps1'
[2.416s] INFO:colcon.colcon_core.shell:Creating prefix script '/home/oscar/ros2_ws_2402/install/local_setup.sh'
[2.416s] INFO:colcon.colcon_core.shell:Creating prefix util module '/home/oscar/ros2_ws_2402/install/_local_setup_util_sh.py'
[2.417s] INFO:colcon.colcon_core.shell:Creating prefix chain script '/home/oscar/ros2_ws_2402/install/setup.sh'
[2.419s] INFO:colcon.colcon_core.shell:Creating prefix script '/home/oscar/ros2_ws_2402/install/local_setup.bash'
[2.420s] INFO:colcon.colcon_core.shell:Creating prefix chain script '/home/oscar/ros2_ws_2402/install/setup.bash'
[2.421s] INFO:colcon.colcon_core.shell:Creating prefix script '/home/oscar/ros2_ws_2402/install/local_setup.zsh'
[2.422s] INFO:colcon.colcon_core.shell:Creating prefix chain script '/home/oscar/ros2_ws_2402/install/setup.zsh'
