[0.150s] DEBUG:colcon:Command line arguments: ['/usr/bin/colcon', 'build']
[0.150s] DEBUG:colcon:Parsed command line arguments: Namespace(log_base=None, log_level=None, verb_name='build', build_base='build', install_base='install', merge_install=False, symlink_install=False, test_result_base=None, continue_on_error=False, executor='parallel', parallel_workers=8, event_handlers=None, ignore_user_meta=False, metas=['./colcon.meta'], base_paths=['.'], packages_ignore=None, packages_ignore_regex=None, paths=None, packages_up_to=None, packages_up_to_regex=None, packages_above=None, packages_above_and_dependencies=None, packages_above_depth=None, packages_select_by_dep=None, packages_skip_by_dep=None, packages_skip_up_to=None, packages_select_build_failed=False, packages_skip_build_finished=False, packages_select_test_failures=False, packages_skip_test_passed=False, packages_select=None, packages_skip=None, packages_select_regex=None, packages_skip_regex=None, packages_start=None, packages_end=None, allow_overriding=[], cmake_args=None, cmake_target=None, cmake_target_skip_unavailable=False, cmake_clean_cache=False, cmake_clean_first=False, cmake_force_configure=False, ament_cmake_args=None, catkin_cmake_args=None, catkin_skip_building_tests=False, verb_parser=<colcon_defaults.argument_parser.defaults.DefaultArgumentsDecorator object at 0x7af95e428ee0>, verb_extension=<colcon_core.verb.build.BuildVerb object at 0x7af95e428a90>, main=<bound method BuildVerb.main of <colcon_core.verb.build.BuildVerb object at 0x7af95e428a90>>)
[0.365s] Level 1:colcon.colcon_core.package_discovery:discover_packages(colcon_meta) check parameters
[0.366s] Level 1:colcon.colcon_core.package_discovery:discover_packages(recursive) check parameters
[0.366s] Level 1:colcon.colcon_core.package_discovery:discover_packages(ignore) check parameters
[0.366s] Level 1:colcon.colcon_core.package_discovery:discover_packages(path) check parameters
[0.366s] Level 1:colcon.colcon_core.package_discovery:discover_packages(colcon_meta) discover
[0.366s] Level 1:colcon.colcon_core.package_discovery:discover_packages(recursive) discover
[0.366s] INFO:colcon.colcon_core.package_discovery:Crawling recursively for packages in '/home/oscar/ros2_ws_2402'
[0.366s] Level 1:colcon.colcon_core.package_identification:_identify(.) by extensions ['ignore', 'ignore_ament_install']
[0.366s] Level 1:colcon.colcon_core.package_identification:_identify(.) by extension 'ignore'
[0.366s] Level 1:colcon.colcon_core.package_identification:_identify(.) by extension 'ignore_ament_install'
[0.366s] Level 1:colcon.colcon_core.package_identification:_identify(.) by extensions ['colcon_pkg']
[0.366s] Level 1:colcon.colcon_core.package_identification:_identify(.) by extension 'colcon_pkg'
[0.366s] Level 1:colcon.colcon_core.package_identification:_identify(.) by extensions ['colcon_meta']
[0.366s] Level 1:colcon.colcon_core.package_identification:_identify(.) by extension 'colcon_meta'
[0.366s] Level 1:colcon.colcon_core.package_identification:_identify(.) by extensions ['ros']
[0.366s] Level 1:colcon.colcon_core.package_identification:_identify(.) by extension 'ros'
[0.383s] Level 1:colcon.colcon_core.package_identification:_identify(.) by extensions ['cmake', 'python']
[0.383s] Level 1:colcon.colcon_core.package_identification:_identify(.) by extension 'cmake'
[0.383s] Level 1:colcon.colcon_core.package_identification:_identify(.) by extension 'python'
[0.383s] Level 1:colcon.colcon_core.package_identification:_identify(.) by extensions ['python_setup_py']
[0.383s] Level 1:colcon.colcon_core.package_identification:_identify(.) by extension 'python_setup_py'
[0.383s] Level 1:colcon.colcon_core.package_identification:_identify(build) by extensions ['ignore', 'ignore_ament_install']
[0.383s] Level 1:colcon.colcon_core.package_identification:_identify(build) by extension 'ignore'
[0.383s] Level 1:colcon.colcon_core.package_identification:_identify(build) ignored
[0.383s] Level 1:colcon.colcon_core.package_identification:_identify(install) by extensions ['ignore', 'ignore_ament_install']
[0.384s] Level 1:colcon.colcon_core.package_identification:_identify(install) by extension 'ignore'
[0.384s] Level 1:colcon.colcon_core.package_identification:_identify(install) ignored
[0.384s] Level 1:colcon.colcon_core.package_identification:_identify(log) by extensions ['ignore', 'ignore_ament_install']
[0.384s] Level 1:colcon.colcon_core.package_identification:_identify(log) by extension 'ignore'
[0.384s] Level 1:colcon.colcon_core.package_identification:_identify(log) ignored
[0.384s] Level 1:colcon.colcon_core.package_identification:_identify(src) by extensions ['ignore', 'ignore_ament_install']
[0.384s] Level 1:colcon.colcon_core.package_identification:_identify(src) by extension 'ignore'
[0.384s] Level 1:colcon.colcon_core.package_identification:_identify(src) by extension 'ignore_ament_install'
[0.384s] Level 1:colcon.colcon_core.package_identification:_identify(src) by extensions ['colcon_pkg']
[0.384s] Level 1:colcon.colcon_core.package_identification:_identify(src) by extension 'colcon_pkg'
[0.384s] Level 1:colcon.colcon_core.package_identification:_identify(src) by extensions ['colcon_meta']
[0.384s] Level 1:colcon.colcon_core.package_identification:_identify(src) by extension 'colcon_meta'
[0.384s] Level 1:colcon.colcon_core.package_identification:_identify(src) by extensions ['ros']
[0.385s] Level 1:colcon.colcon_core.package_identification:_identify(src) by extension 'ros'
[0.385s] Level 1:colcon.colcon_core.package_identification:_identify(src) by extensions ['cmake', 'python']
[0.385s] Level 1:colcon.colcon_core.package_identification:_identify(src) by extension 'cmake'
[0.385s] Level 1:colcon.colcon_core.package_identification:_identify(src) by extension 'python'
[0.385s] Level 1:colcon.colcon_core.package_identification:_identify(src) by extensions ['python_setup_py']
[0.385s] Level 1:colcon.colcon_core.package_identification:_identify(src) by extension 'python_setup_py'
[0.385s] Level 1:colcon.colcon_core.package_identification:_identify(src/f112th_sim_2402_bravo) by extensions ['ignore', 'ignore_ament_install']
[0.385s] Level 1:colcon.colcon_core.package_identification:_identify(src/f112th_sim_2402_bravo) by extension 'ignore'
[0.385s] Level 1:colcon.colcon_core.package_identification:_identify(src/f112th_sim_2402_bravo) by extension 'ignore_ament_install'
[0.385s] Level 1:colcon.colcon_core.package_identification:_identify(src/f112th_sim_2402_bravo) by extensions ['colcon_pkg']
[0.385s] Level 1:colcon.colcon_core.package_identification:_identify(src/f112th_sim_2402_bravo) by extension 'colcon_pkg'
[0.385s] Level 1:colcon.colcon_core.package_identification:_identify(src/f112th_sim_2402_bravo) by extensions ['colcon_meta']
[0.385s] Level 1:colcon.colcon_core.package_identification:_identify(src/f112th_sim_2402_bravo) by extension 'colcon_meta'
[0.385s] Level 1:colcon.colcon_core.package_identification:_identify(src/f112th_sim_2402_bravo) by extensions ['ros']
[0.385s] Level 1:colcon.colcon_core.package_identification:_identify(src/f112th_sim_2402_bravo) by extension 'ros'
[0.389s] DEBUG:colcon.colcon_core.package_identification:Package 'src/f112th_sim_2402_bravo' with type 'ros.ament_cmake' and name 'f112th_sim_2402_bravo'
[0.389s] Level 1:colcon.colcon_core.package_identification:_identify(src/joy_tester) by extensions ['ignore', 'ignore_ament_install']
[0.389s] Level 1:colcon.colcon_core.package_identification:_identify(src/joy_tester) by extension 'ignore'
[0.389s] Level 1:colcon.colcon_core.package_identification:_identify(src/joy_tester) by extension 'ignore_ament_install'
[0.389s] Level 1:colcon.colcon_core.package_identification:_identify(src/joy_tester) by extensions ['colcon_pkg']
[0.389s] Level 1:colcon.colcon_core.package_identification:_identify(src/joy_tester) by extension 'colcon_pkg'
[0.389s] Level 1:colcon.colcon_core.package_identification:_identify(src/joy_tester) by extensions ['colcon_meta']
[0.389s] Level 1:colcon.colcon_core.package_identification:_identify(src/joy_tester) by extension 'colcon_meta'
[0.389s] Level 1:colcon.colcon_core.package_identification:_identify(src/joy_tester) by extensions ['ros']
[0.389s] Level 1:colcon.colcon_core.package_identification:_identify(src/joy_tester) by extension 'ros'
[0.390s] DEBUG:colcon.colcon_core.package_identification:Package 'src/joy_tester' with type 'ros.ament_python' and name 'joy_tester'
[0.390s] Level 1:colcon.colcon_core.package_discovery:discover_packages(recursive) using defaults
[0.390s] Level 1:colcon.colcon_core.package_discovery:discover_packages(ignore) discover
[0.391s] Level 1:colcon.colcon_core.package_discovery:discover_packages(ignore) using defaults
[0.391s] Level 1:colcon.colcon_core.package_discovery:discover_packages(path) discover
[0.391s] Level 1:colcon.colcon_core.package_discovery:discover_packages(path) using defaults
[0.420s] Level 1:colcon.colcon_core.package_discovery:discover_packages(prefix_path) check parameters
[0.421s] Level 1:colcon.colcon_core.package_discovery:discover_packages(prefix_path) discover
[0.425s] DEBUG:colcon.colcon_installed_package_information.package_discovery:Found 390 installed packages in /opt/ros/humble
[0.442s] Level 1:colcon.colcon_core.package_discovery:discover_packages(prefix_path) using defaults
[0.495s] Level 5:colcon.colcon_core.verb:set package 'f112th_sim_2402_bravo' build argument 'cmake_args' from command line to 'None'
[0.495s] Level 5:colcon.colcon_core.verb:set package 'f112th_sim_2402_bravo' build argument 'cmake_target' from command line to 'None'
[0.495s] Level 5:colcon.colcon_core.verb:set package 'f112th_sim_2402_bravo' build argument 'cmake_target_skip_unavailable' from command line to 'False'
[0.495s] Level 5:colcon.colcon_core.verb:set package 'f112th_sim_2402_bravo' build argument 'cmake_clean_cache' from command line to 'False'
[0.495s] Level 5:colcon.colcon_core.verb:set package 'f112th_sim_2402_bravo' build argument 'cmake_clean_first' from command line to 'False'
[0.495s] Level 5:colcon.colcon_core.verb:set package 'f112th_sim_2402_bravo' build argument 'cmake_force_configure' from command line to 'False'
[0.495s] Level 5:colcon.colcon_core.verb:set package 'f112th_sim_2402_bravo' build argument 'ament_cmake_args' from command line to 'None'
[0.495s] Level 5:colcon.colcon_core.verb:set package 'f112th_sim_2402_bravo' build argument 'catkin_cmake_args' from command line to 'None'
[0.495s] Level 5:colcon.colcon_core.verb:set package 'f112th_sim_2402_bravo' build argument 'catkin_skip_building_tests' from command line to 'False'
[0.495s] DEBUG:colcon.colcon_core.verb:Building package 'f112th_sim_2402_bravo' with the following arguments: {'ament_cmake_args': None, 'build_base': '/home/oscar/ros2_ws_2402/build/f112th_sim_2402_bravo', 'catkin_cmake_args': None, 'catkin_skip_building_tests': False, 'cmake_args': None, 'cmake_clean_cache': False, 'cmake_clean_first': False, 'cmake_force_configure': False, 'cmake_target': None, 'cmake_target_skip_unavailable': False, 'install_base': '/home/oscar/ros2_ws_2402/install/f112th_sim_2402_bravo', 'merge_install': False, 'path': '/home/oscar/ros2_ws_2402/src/f112th_sim_2402_bravo', 'symlink_install': False, 'test_result_base': None}
[0.496s] Level 5:colcon.colcon_core.verb:set package 'joy_tester' build argument 'cmake_args' from command line to 'None'
[0.496s] Level 5:colcon.colcon_core.verb:set package 'joy_tester' build argument 'cmake_target' from command line to 'None'
[0.496s] Level 5:colcon.colcon_core.verb:set package 'joy_tester' build argument 'cmake_target_skip_unavailable' from command line to 'False'
[0.496s] Level 5:colcon.colcon_core.verb:set package 'joy_tester' build argument 'cmake_clean_cache' from command line to 'False'
[0.496s] Level 5:colcon.colcon_core.verb:set package 'joy_tester' build argument 'cmake_clean_first' from command line to 'False'
[0.496s] Level 5:colcon.colcon_core.verb:set package 'joy_tester' build argument 'cmake_force_configure' from command line to 'False'
[0.496s] Level 5:colcon.colcon_core.verb:set package 'joy_tester' build argument 'ament_cmake_args' from command line to 'None'
[0.496s] Level 5:colcon.colcon_core.verb:set package 'joy_tester' build argument 'catkin_cmake_args' from command line to 'None'
[0.496s] Level 5:colcon.colcon_core.verb:set package 'joy_tester' build argument 'catkin_skip_building_tests' from command line to 'False'
[0.496s] DEBUG:colcon.colcon_core.verb:Building package 'joy_tester' with the following arguments: {'ament_cmake_args': None, 'build_base': '/home/oscar/ros2_ws_2402/build/joy_tester', 'catkin_cmake_args': None, 'catkin_skip_building_tests': False, 'cmake_args': None, 'cmake_clean_cache': False, 'cmake_clean_first': False, 'cmake_force_configure': False, 'cmake_target': None, 'cmake_target_skip_unavailable': False, 'install_base': '/home/oscar/ros2_ws_2402/install/joy_tester', 'merge_install': False, 'path': '/home/oscar/ros2_ws_2402/src/joy_tester', 'symlink_install': False, 'test_result_base': None}
[0.496s] INFO:colcon.colcon_core.executor:Executing jobs using 'parallel' executor
[0.497s] DEBUG:colcon.colcon_parallel_executor.executor.parallel:run_until_complete
[0.498s] INFO:colcon.colcon_ros.task.ament_cmake.build:Building ROS package in '/home/oscar/ros2_ws_2402/src/f112th_sim_2402_bravo' with build type 'ament_cmake'
[0.498s] INFO:colcon.colcon_cmake.task.cmake.build:Building CMake package in '/home/oscar/ros2_ws_2402/src/f112th_sim_2402_bravo'
[0.502s] INFO:colcon.colcon_core.plugin_system:Skipping extension 'colcon_core.shell.bat': Not used on non-Windows systems
[0.502s] INFO:colcon.colcon_core.shell:Skip shell extension 'powershell' for command environment: Not usable outside of PowerShell
[0.502s] DEBUG:colcon.colcon_core.shell:Skip shell extension 'dsv' for command environment
[0.506s] INFO:colcon.colcon_ros.task.ament_python.build:Building ROS package in '/home/oscar/ros2_ws_2402/src/joy_tester' with build type 'ament_python'
[0.507s] Level 1:colcon.colcon_core.shell:create_environment_hook('joy_tester', 'ament_prefix_path')
[0.507s] INFO:colcon.colcon_core.shell:Creating environment hook '/home/oscar/ros2_ws_2402/install/joy_tester/share/joy_tester/hook/ament_prefix_path.ps1'
[0.509s] INFO:colcon.colcon_core.shell:Creating environment descriptor '/home/oscar/ros2_ws_2402/install/joy_tester/share/joy_tester/hook/ament_prefix_path.dsv'
[0.509s] INFO:colcon.colcon_core.shell:Creating environment hook '/home/oscar/ros2_ws_2402/install/joy_tester/share/joy_tester/hook/ament_prefix_path.sh'
[0.510s] INFO:colcon.colcon_core.shell:Skip shell extension 'powershell' for command environment: Not usable outside of PowerShell
[0.510s] DEBUG:colcon.colcon_core.shell:Skip shell extension 'dsv' for command environment
[0.521s] DEBUG:colcon.colcon_core.event_handler.log_command:Invoking command in '/home/oscar/ros2_ws_2402/build/f112th_sim_2402_bravo': CMAKE_PREFIX_PATH=/opt/ros/humble /usr/bin/cmake --build /home/oscar/ros2_ws_2402/build/f112th_sim_2402_bravo -- -j8 -l8
[0.810s] INFO:colcon.colcon_core.task.python.build:Building Python package in '/home/oscar/ros2_ws_2402/src/joy_tester'
[0.811s] INFO:colcon.colcon_core.shell:Skip shell extension 'powershell' for command environment: Not usable outside of PowerShell
[0.811s] DEBUG:colcon.colcon_core.shell:Skip shell extension 'dsv' for command environment
[0.817s] DEBUG:colcon.colcon_core.event_handler.log_command:Invoked command in '/home/oscar/ros2_ws_2402/build/f112th_sim_2402_bravo' returned '0': CMAKE_PREFIX_PATH=/opt/ros/humble /usr/bin/cmake --build /home/oscar/ros2_ws_2402/build/f112th_sim_2402_bravo -- -j8 -l8
[0.867s] DEBUG:colcon.colcon_core.event_handler.log_command:Invoking command in '/home/oscar/ros2_ws_2402/build/f112th_sim_2402_bravo': CMAKE_PREFIX_PATH=/opt/ros/humble /usr/bin/cmake --install /home/oscar/ros2_ws_2402/build/f112th_sim_2402_bravo
[0.913s] Level 1:colcon.colcon_core.environment:create_environment_scripts_only(f112th_sim_2402_bravo)
[0.914s] DEBUG:colcon.colcon_core.event_handler.log_command:Invoked command in '/home/oscar/ros2_ws_2402/build/f112th_sim_2402_bravo' returned '0': CMAKE_PREFIX_PATH=/opt/ros/humble /usr/bin/cmake --install /home/oscar/ros2_ws_2402/build/f112th_sim_2402_bravo
[0.920s] Level 1:colcon.colcon_core.environment:checking '/home/oscar/ros2_ws_2402/install/f112th_sim_2402_bravo' for CMake module files
[0.920s] Level 1:colcon.colcon_core.environment:checking '/home/oscar/ros2_ws_2402/install/f112th_sim_2402_bravo' for CMake config files
[0.921s] Level 1:colcon.colcon_core.shell:create_environment_hook('f112th_sim_2402_bravo', 'cmake_prefix_path')
[0.922s] INFO:colcon.colcon_core.shell:Creating environment hook '/home/oscar/ros2_ws_2402/install/f112th_sim_2402_bravo/share/f112th_sim_2402_bravo/hook/cmake_prefix_path.ps1'
[0.922s] INFO:colcon.colcon_core.shell:Creating environment descriptor '/home/oscar/ros2_ws_2402/install/f112th_sim_2402_bravo/share/f112th_sim_2402_bravo/hook/cmake_prefix_path.dsv'
[0.923s] INFO:colcon.colcon_core.shell:Creating environment hook '/home/oscar/ros2_ws_2402/install/f112th_sim_2402_bravo/share/f112th_sim_2402_bravo/hook/cmake_prefix_path.sh'
[0.923s] Level 1:colcon.colcon_core.environment:checking '/home/oscar/ros2_ws_2402/install/f112th_sim_2402_bravo/bin'
[0.924s] Level 1:colcon.colcon_core.environment:checking '/home/oscar/ros2_ws_2402/install/f112th_sim_2402_bravo/lib/pkgconfig/f112th_sim_2402_bravo.pc'
[0.924s] Level 1:colcon.colcon_core.environment:checking '/home/oscar/ros2_ws_2402/install/f112th_sim_2402_bravo/lib/python3.10/site-packages'
[0.924s] Level 1:colcon.colcon_core.environment:checking '/home/oscar/ros2_ws_2402/install/f112th_sim_2402_bravo/bin'
[0.924s] INFO:colcon.colcon_core.shell:Creating package script '/home/oscar/ros2_ws_2402/install/f112th_sim_2402_bravo/share/f112th_sim_2402_bravo/package.ps1'
[0.926s] INFO:colcon.colcon_core.shell:Creating package descriptor '/home/oscar/ros2_ws_2402/install/f112th_sim_2402_bravo/share/f112th_sim_2402_bravo/package.dsv'
[0.927s] INFO:colcon.colcon_core.shell:Creating package script '/home/oscar/ros2_ws_2402/install/f112th_sim_2402_bravo/share/f112th_sim_2402_bravo/package.sh'
[0.928s] INFO:colcon.colcon_core.shell:Creating package script '/home/oscar/ros2_ws_2402/install/f112th_sim_2402_bravo/share/f112th_sim_2402_bravo/package.bash'
[0.929s] INFO:colcon.colcon_core.shell:Creating package script '/home/oscar/ros2_ws_2402/install/f112th_sim_2402_bravo/share/f112th_sim_2402_bravo/package.zsh'
[0.930s] Level 1:colcon.colcon_core.environment:create_file_with_runtime_dependencies(/home/oscar/ros2_ws_2402/install/f112th_sim_2402_bravo/share/colcon-core/packages/f112th_sim_2402_bravo)
[0.973s] Level 1:colcon.colcon_core.environment:create_environment_scripts_only(f112th_sim_2402_bravo)
[0.973s] Level 1:colcon.colcon_core.environment:checking '/home/oscar/ros2_ws_2402/install/f112th_sim_2402_bravo' for CMake module files
[0.974s] Level 1:colcon.colcon_core.environment:checking '/home/oscar/ros2_ws_2402/install/f112th_sim_2402_bravo' for CMake config files
[0.975s] Level 1:colcon.colcon_core.shell:create_environment_hook('f112th_sim_2402_bravo', 'cmake_prefix_path')
[0.975s] INFO:colcon.colcon_core.shell:Creating environment hook '/home/oscar/ros2_ws_2402/install/f112th_sim_2402_bravo/share/f112th_sim_2402_bravo/hook/cmake_prefix_path.ps1'
[0.976s] INFO:colcon.colcon_core.shell:Creating environment descriptor '/home/oscar/ros2_ws_2402/install/f112th_sim_2402_bravo/share/f112th_sim_2402_bravo/hook/cmake_prefix_path.dsv'
[0.977s] INFO:colcon.colcon_core.shell:Creating environment hook '/home/oscar/ros2_ws_2402/install/f112th_sim_2402_bravo/share/f112th_sim_2402_bravo/hook/cmake_prefix_path.sh'
[0.977s] Level 1:colcon.colcon_core.environment:checking '/home/oscar/ros2_ws_2402/install/f112th_sim_2402_bravo/bin'
[0.977s] Level 1:colcon.colcon_core.environment:checking '/home/oscar/ros2_ws_2402/install/f112th_sim_2402_bravo/lib/pkgconfig/f112th_sim_2402_bravo.pc'
[0.978s] Level 1:colcon.colcon_core.environment:checking '/home/oscar/ros2_ws_2402/install/f112th_sim_2402_bravo/lib/python3.10/site-packages'
[0.978s] Level 1:colcon.colcon_core.environment:checking '/home/oscar/ros2_ws_2402/install/f112th_sim_2402_bravo/bin'
[0.978s] INFO:colcon.colcon_core.shell:Creating package script '/home/oscar/ros2_ws_2402/install/f112th_sim_2402_bravo/share/f112th_sim_2402_bravo/package.ps1'
[0.979s] INFO:colcon.colcon_core.shell:Creating package descriptor '/home/oscar/ros2_ws_2402/install/f112th_sim_2402_bravo/share/f112th_sim_2402_bravo/package.dsv'
[0.980s] INFO:colcon.colcon_core.shell:Creating package script '/home/oscar/ros2_ws_2402/install/f112th_sim_2402_bravo/share/f112th_sim_2402_bravo/package.sh'
[0.981s] INFO:colcon.colcon_core.shell:Creating package script '/home/oscar/ros2_ws_2402/install/f112th_sim_2402_bravo/share/f112th_sim_2402_bravo/package.bash'
[0.981s] INFO:colcon.colcon_core.shell:Creating package script '/home/oscar/ros2_ws_2402/install/f112th_sim_2402_bravo/share/f112th_sim_2402_bravo/package.zsh'
[0.982s] Level 1:colcon.colcon_core.environment:create_file_with_runtime_dependencies(/home/oscar/ros2_ws_2402/install/f112th_sim_2402_bravo/share/colcon-core/packages/f112th_sim_2402_bravo)
[1.353s] DEBUG:colcon.colcon_core.event_handler.log_command:Invoking command in '/home/oscar/ros2_ws_2402/src/joy_tester': PYTHONPATH=/home/oscar/ros2_ws_2402/build/joy_tester/prefix_override:/usr/lib/python3/dist-packages/colcon_core/task/python/colcon_distutils_commands:/home/oscar/ros2_ws_2402/install/joy_tester/lib/python3.10/site-packages:${PYTHONPATH} /usr/bin/python3 -W ignore:setup.py install is deprecated setup.py egg_info --egg-base ../../build/joy_tester build --build-base /home/oscar/ros2_ws_2402/build/joy_tester/build install --record /home/oscar/ros2_ws_2402/build/joy_tester/install.log --single-version-externally-managed install_data
[1.672s] Level 1:colcon.colcon_core.environment:checking '/home/oscar/ros2_ws_2402/install/joy_tester' for CMake module files
[1.674s] DEBUG:colcon.colcon_core.event_handler.log_command:Invoked command in '/home/oscar/ros2_ws_2402/src/joy_tester' returned '0': PYTHONPATH=/home/oscar/ros2_ws_2402/build/joy_tester/prefix_override:/usr/lib/python3/dist-packages/colcon_core/task/python/colcon_distutils_commands:/home/oscar/ros2_ws_2402/install/joy_tester/lib/python3.10/site-packages:${PYTHONPATH} /usr/bin/python3 -W ignore:setup.py install is deprecated setup.py egg_info --egg-base ../../build/joy_tester build --build-base /home/oscar/ros2_ws_2402/build/joy_tester/build install --record /home/oscar/ros2_ws_2402/build/joy_tester/install.log --single-version-externally-managed install_data
[1.674s] Level 1:colcon.colcon_core.environment:checking '/home/oscar/ros2_ws_2402/install/joy_tester' for CMake config files
[1.676s] Level 1:colcon.colcon_core.environment:checking '/home/oscar/ros2_ws_2402/install/joy_tester/lib'
[1.676s] Level 1:colcon.colcon_core.environment:checking '/home/oscar/ros2_ws_2402/install/joy_tester/bin'
[1.677s] Level 1:colcon.colcon_core.environment:checking '/home/oscar/ros2_ws_2402/install/joy_tester/lib/pkgconfig/joy_tester.pc'
[1.677s] Level 1:colcon.colcon_core.environment:checking '/home/oscar/ros2_ws_2402/install/joy_tester/lib/python3.10/site-packages'
[1.677s] Level 1:colcon.colcon_core.shell:create_environment_hook('joy_tester', 'pythonpath')
[1.678s] INFO:colcon.colcon_core.shell:Creating environment hook '/home/oscar/ros2_ws_2402/install/joy_tester/share/joy_tester/hook/pythonpath.ps1'
[1.679s] INFO:colcon.colcon_core.shell:Creating environment descriptor '/home/oscar/ros2_ws_2402/install/joy_tester/share/joy_tester/hook/pythonpath.dsv'
[1.680s] INFO:colcon.colcon_core.shell:Creating environment hook '/home/oscar/ros2_ws_2402/install/joy_tester/share/joy_tester/hook/pythonpath.sh'
[1.681s] Level 1:colcon.colcon_core.environment:checking '/home/oscar/ros2_ws_2402/install/joy_tester/bin'
[1.681s] Level 1:colcon.colcon_core.environment:create_environment_scripts_only(joy_tester)
[1.682s] INFO:colcon.colcon_core.shell:Creating package script '/home/oscar/ros2_ws_2402/install/joy_tester/share/joy_tester/package.ps1'
[1.683s] INFO:colcon.colcon_core.shell:Creating package descriptor '/home/oscar/ros2_ws_2402/install/joy_tester/share/joy_tester/package.dsv'
[1.684s] INFO:colcon.colcon_core.shell:Creating package script '/home/oscar/ros2_ws_2402/install/joy_tester/share/joy_tester/package.sh'
[1.686s] INFO:colcon.colcon_core.shell:Creating package script '/home/oscar/ros2_ws_2402/install/joy_tester/share/joy_tester/package.bash'
[1.686s] INFO:colcon.colcon_core.shell:Creating package script '/home/oscar/ros2_ws_2402/install/joy_tester/share/joy_tester/package.zsh'
[1.687s] Level 1:colcon.colcon_core.environment:create_file_with_runtime_dependencies(/home/oscar/ros2_ws_2402/install/joy_tester/share/colcon-core/packages/joy_tester)
[1.688s] DEBUG:colcon.colcon_parallel_executor.executor.parallel:closing loop
[1.689s] DEBUG:colcon.colcon_parallel_executor.executor.parallel:loop closed
[1.689s] DEBUG:colcon.colcon_parallel_executor.executor.parallel:run_until_complete finished with '0'
[1.689s] DEBUG:colcon.colcon_core.event_reactor:joining thread
[1.705s] INFO:colcon.colcon_core.plugin_system:Skipping extension 'colcon_notification.desktop_notification.terminal_notifier': Not used on non-Darwin systems
[1.705s] INFO:colcon.colcon_core.plugin_system:Skipping extension 'colcon_notification.desktop_notification.win32': Not used on non-Windows systems
[1.705s] INFO:colcon.colcon_notification.desktop_notification:Sending desktop notification using 'notify2'
[1.727s] DEBUG:colcon.colcon_core.event_reactor:joined thread
[1.727s] INFO:colcon.colcon_core.shell:Creating prefix script '/home/oscar/ros2_ws_2402/install/local_setup.ps1'
[1.729s] INFO:colcon.colcon_core.shell:Creating prefix util module '/home/oscar/ros2_ws_2402/install/_local_setup_util_ps1.py'
[1.732s] INFO:colcon.colcon_core.shell:Creating prefix chain script '/home/oscar/ros2_ws_2402/install/setup.ps1'
[1.733s] INFO:colcon.colcon_core.shell:Creating prefix script '/home/oscar/ros2_ws_2402/install/local_setup.sh'
[1.734s] INFO:colcon.colcon_core.shell:Creating prefix util module '/home/oscar/ros2_ws_2402/install/_local_setup_util_sh.py'
[1.735s] INFO:colcon.colcon_core.shell:Creating prefix chain script '/home/oscar/ros2_ws_2402/install/setup.sh'
[1.737s] INFO:colcon.colcon_core.shell:Creating prefix script '/home/oscar/ros2_ws_2402/install/local_setup.bash'
[1.737s] INFO:colcon.colcon_core.shell:Creating prefix chain script '/home/oscar/ros2_ws_2402/install/setup.bash'
[1.739s] INFO:colcon.colcon_core.shell:Creating prefix script '/home/oscar/ros2_ws_2402/install/local_setup.zsh'
[1.739s] INFO:colcon.colcon_core.shell:Creating prefix chain script '/home/oscar/ros2_ws_2402/install/setup.zsh'
