[0.048s] Invoking command in '/home/oscar/ros2_ws_2402/build/examples_rclcpp_minimal_timer': CMAKE_PREFIX_PATH=/opt/ros/humble /usr/bin/cmake /home/oscar/ros2_ws_2402/src/examples/rclcpp/timers/minimal_timer -DCMAKE_INSTALL_PREFIX=/home/oscar/ros2_ws_2402/install/examples_rclcpp_minimal_timer
[3.299s] -- The C compiler identification is GNU 11.4.0
[3.299s] -- The CXX compiler identification is GNU 11.4.0
[3.299s] -- Detecting C compiler ABI info
[3.299s] -- Detecting C compiler ABI info - done
[3.299s] -- Check for working C compiler: /usr/bin/cc - skipped
[3.300s] -- Detecting C compile features
[3.300s] -- Detecting C compile features - done
[3.300s] -- Detecting CXX compiler ABI info
[3.300s] -- Detecting CXX compiler ABI info - done
[3.300s] -- Check for working CXX compiler: /usr/bin/c++ - skipped
[3.300s] -- Detecting CXX compile features
[3.301s] -- Detecting CXX compile features - done
[3.301s] -- Found ament_cmake: 1.3.9 (/opt/ros/humble/share/ament_cmake/cmake)
[3.301s] -- Found Python3: /usr/bin/python3 (found version "3.10.12") found components: Interpreter 
[3.301s] -- Found rclcpp: 16.0.9 (/opt/ros/humble/share/rclcpp/cmake)
[3.301s] -- Found rosidl_generator_c: 3.1.5 (/opt/ros/humble/share/rosidl_generator_c/cmake)
[3.301s] -- Found rosidl_adapter: 3.1.5 (/opt/ros/humble/share/rosidl_adapter/cmake)
[3.302s] -- Found rosidl_generator_cpp: 3.1.5 (/opt/ros/humble/share/rosidl_generator_cpp/cmake)
[3.302s] -- Using all available rosidl_typesupport_c: rosidl_typesupport_fastrtps_c;rosidl_typesupport_introspection_c
[3.302s] -- Using all available rosidl_typesupport_cpp: rosidl_typesupport_fastrtps_cpp;rosidl_typesupport_introspection_cpp
[3.302s] -- Found rmw_implementation_cmake: 6.1.2 (/opt/ros/humble/share/rmw_implementation_cmake/cmake)
[3.308s] -- Found rmw_fastrtps_cpp: 6.2.6 (/opt/ros/humble/share/rmw_fastrtps_cpp/cmake)
[3.308s] -- Found OpenSSL: /usr/lib/x86_64-linux-gnu/libcrypto.so (found version "3.0.2")  
[3.308s] -- Found FastRTPS: /opt/ros/humble/include  
[3.308s] -- Using RMW implementation 'rmw_fastrtps_cpp' as default
[3.309s] -- Looking for pthread.h
[3.309s] -- Looking for pthread.h - found
[3.309s] -- Performing Test CMAKE_HAVE_LIBC_PTHREAD
[3.309s] -- Performing Test CMAKE_HAVE_LIBC_PTHREAD - Success
[3.309s] -- Found Threads: TRUE  
[3.391s] -- Found ament_lint_auto: 0.12.11 (/opt/ros/humble/share/ament_lint_auto/cmake)
[3.598s] -- Added test 'copyright' to check source files copyright and LICENSE
[3.600s] -- Added test 'cppcheck' to perform static code analysis on C / C++ code
[3.601s] -- Configured cppcheck include dirs: 
[3.602s] -- Configured cppcheck exclude dirs and/or files: 
[3.604s] -- Added test 'cpplint' to check C / C++ code against the Google style
[3.604s] -- Configured cpplint exclude dirs and/or files: 
[3.608s] -- Added test 'lint_cmake' to check CMake code style
[3.611s] -- Added test 'uncrustify' to check C / C++ code style
[3.611s] -- Configured uncrustify additional arguments: 
[3.612s] -- Added test 'xmllint' to check XML markup files
[3.615s] -- Configuring done
[3.657s] -- Generating done
[3.661s] -- Build files have been written to: /home/oscar/ros2_ws_2402/build/examples_rclcpp_minimal_timer
[3.708s] Invoked command in '/home/oscar/ros2_ws_2402/build/examples_rclcpp_minimal_timer' returned '0': CMAKE_PREFIX_PATH=/opt/ros/humble /usr/bin/cmake /home/oscar/ros2_ws_2402/src/examples/rclcpp/timers/minimal_timer -DCMAKE_INSTALL_PREFIX=/home/oscar/ros2_ws_2402/install/examples_rclcpp_minimal_timer
[3.709s] Invoking command in '/home/oscar/ros2_ws_2402/build/examples_rclcpp_minimal_timer': CMAKE_PREFIX_PATH=/opt/ros/humble /usr/bin/cmake --build /home/oscar/ros2_ws_2402/build/examples_rclcpp_minimal_timer -- -j8 -l8
[4.123s] [ 25%] [32mBuilding CXX object CMakeFiles/timer_member_function.dir/member_function.cpp.o[0m
[4.123s] [ 50%] [32mBuilding CXX object CMakeFiles/timer_lambda.dir/lambda.cpp.o[0m
[21.453s] [ 75%] [32m[1mLinking CXX executable timer_member_function[0m
[22.321s] [ 75%] Built target timer_member_function
