[0.039s] Invoking command in '/home/oscar/ros2_ws_2402/build/examples_rclcpp_minimal_composition': CMAKE_PREFIX_PATH=/opt/ros/humble /usr/bin/cmake /home/oscar/ros2_ws_2402/src/examples/rclcpp/composition/minimal_composition -DCMAKE_INSTALL_PREFIX=/home/oscar/ros2_ws_2402/install/examples_rclcpp_minimal_composition
[0.179s] -- The C compiler identification is GNU 11.4.0
[0.331s] -- The CXX compiler identification is GNU 11.4.0
[0.334s] -- Detecting C compiler ABI info
[0.497s] -- Detecting C compiler ABI info - done
[0.512s] -- Check for working C compiler: /usr/bin/cc - skipped
[0.513s] -- Detecting C compile features
[0.514s] -- Detecting C compile features - done
[0.520s] -- Detecting CXX compiler ABI info
[0.719s] -- Detecting CXX compiler ABI info - done
[0.739s] -- Check for working CXX compiler: /usr/bin/c++ - skipped
[0.740s] -- Detecting CXX compile features
[0.740s] -- Detecting CXX compile features - done
[0.741s] -- Found ament_cmake: 1.3.9 (/opt/ros/humble/share/ament_cmake/cmake)
[1.118s] -- Found Python3: /usr/bin/python3 (found version "3.10.12") found components: Interpreter 
[1.333s] -- Found rclcpp: 16.0.9 (/opt/ros/humble/share/rclcpp/cmake)
[1.421s] -- Found rosidl_generator_c: 3.1.5 (/opt/ros/humble/share/rosidl_generator_c/cmake)
[1.433s] -- Found rosidl_adapter: 3.1.5 (/opt/ros/humble/share/rosidl_adapter/cmake)
[1.450s] -- Found rosidl_generator_cpp: 3.1.5 (/opt/ros/humble/share/rosidl_generator_cpp/cmake)
[1.479s] -- Using all available rosidl_typesupport_c: rosidl_typesupport_fastrtps_c;rosidl_typesupport_introspection_c
[1.521s] -- Using all available rosidl_typesupport_cpp: rosidl_typesupport_fastrtps_cpp;rosidl_typesupport_introspection_cpp
[1.676s] -- Found rmw_implementation_cmake: 6.1.2 (/opt/ros/humble/share/rmw_implementation_cmake/cmake)
[1.681s] -- Found rmw_fastrtps_cpp: 6.2.6 (/opt/ros/humble/share/rmw_fastrtps_cpp/cmake)
[1.900s] -- Found OpenSSL: /usr/lib/x86_64-linux-gnu/libcrypto.so (found version "3.0.2")  
[1.958s] -- Found FastRTPS: /opt/ros/humble/include  
[2.060s] -- Using RMW implementation 'rmw_fastrtps_cpp' as default
[2.080s] -- Looking for pthread.h
[2.241s] -- Looking for pthread.h - found
[2.242s] -- Performing Test CMAKE_HAVE_LIBC_PTHREAD
[2.423s] -- Performing Test CMAKE_HAVE_LIBC_PTHREAD - Success
[2.425s] -- Found Threads: TRUE  
[2.847s] -- Found rclcpp_components: 16.0.9 (/opt/ros/humble/share/rclcpp_components/cmake)
[3.028s] -- Found ament_lint_auto: 0.12.11 (/opt/ros/humble/share/ament_lint_auto/cmake)
[3.174s] -- Added test 'copyright' to check source files copyright and LICENSE
[3.177s] -- Added test 'cppcheck' to perform static code analysis on C / C++ code
[3.178s] -- Configured cppcheck include dirs: /home/oscar/ros2_ws_2402/src/examples/rclcpp/composition/minimal_composition/include
[3.178s] -- Configured cppcheck exclude dirs and/or files: 
[3.181s] -- Added test 'cpplint' to check C / C++ code against the Google style
[3.181s] -- Configured cpplint exclude dirs and/or files: 
[3.185s] -- Added test 'lint_cmake' to check CMake code style
[3.190s] -- Added test 'uncrustify' to check C / C++ code style
[3.190s] -- Configured uncrustify additional arguments: 
[3.192s] -- Added test 'xmllint' to check XML markup files
[3.197s] -- Configuring done
[3.270s] -- Generating done
[3.277s] -- Build files have been written to: /home/oscar/ros2_ws_2402/build/examples_rclcpp_minimal_composition
[3.327s] Invoked command in '/home/oscar/ros2_ws_2402/build/examples_rclcpp_minimal_composition' returned '0': CMAKE_PREFIX_PATH=/opt/ros/humble /usr/bin/cmake /home/oscar/ros2_ws_2402/src/examples/rclcpp/composition/minimal_composition -DCMAKE_INSTALL_PREFIX=/home/oscar/ros2_ws_2402/install/examples_rclcpp_minimal_composition
[3.328s] Invoking command in '/home/oscar/ros2_ws_2402/build/examples_rclcpp_minimal_composition': CMAKE_PREFIX_PATH=/opt/ros/humble /usr/bin/cmake --build /home/oscar/ros2_ws_2402/build/examples_rclcpp_minimal_composition -- -j8 -l8
[3.576s] [ 11%] [32mBuilding CXX object CMakeFiles/composition_nodes.dir/src/publisher_node.cpp.o[0m
[3.577s] [ 22%] [32mBuilding CXX object CMakeFiles/composition_nodes.dir/src/subscriber_node.cpp.o[0m
