[0.040s] Invoking command in '/home/oscar/ros2_ws_2402/build/examples_rclcpp_minimal_action_server': CMAKE_PREFIX_PATH=/opt/ros/humble /usr/bin/cmake /home/oscar/ros2_ws_2402/src/examples/rclcpp/actions/minimal_action_server -DCMAKE_INSTALL_PREFIX=/home/oscar/ros2_ws_2402/install/examples_rclcpp_minimal_action_server
[0.173s] -- The C compiler identification is GNU 11.4.0
[0.317s] -- The CXX compiler identification is GNU 11.4.0
[0.341s] -- Detecting C compiler ABI info
[0.500s] -- Detecting C compiler ABI info - done
[0.516s] -- Check for working C compiler: /usr/bin/cc - skipped
[0.517s] -- Detecting C compile features
[0.518s] -- Detecting C compile features - done
[0.525s] -- Detecting CXX compiler ABI info
[0.733s] -- Detecting CXX compiler ABI info - done
[0.752s] -- Check for working CXX compiler: /usr/bin/c++ - skipped
[0.753s] -- Detecting CXX compile features
[0.754s] -- Detecting CXX compile features - done
[0.760s] -- Found ament_cmake: 1.3.9 (/opt/ros/humble/share/ament_cmake/cmake)
[1.188s] -- Found Python3: /usr/bin/python3 (found version "3.10.12") found components: Interpreter 
[1.443s] -- Found example_interfaces: 0.9.3 (/opt/ros/humble/share/example_interfaces/cmake)
[1.563s] -- Found rosidl_generator_c: 3.1.5 (/opt/ros/humble/share/rosidl_generator_c/cmake)
[1.580s] -- Found rosidl_adapter: 3.1.5 (/opt/ros/humble/share/rosidl_adapter/cmake)
[1.609s] -- Found rosidl_generator_cpp: 3.1.5 (/opt/ros/humble/share/rosidl_generator_cpp/cmake)
[1.654s] -- Using all available rosidl_typesupport_c: rosidl_typesupport_fastrtps_c;rosidl_typesupport_introspection_c
[1.715s] -- Using all available rosidl_typesupport_cpp: rosidl_typesupport_fastrtps_cpp;rosidl_typesupport_introspection_cpp
[2.282s] -- Found rclcpp: 16.0.9 (/opt/ros/humble/share/rclcpp/cmake)
[2.504s] -- Found rmw_implementation_cmake: 6.1.2 (/opt/ros/humble/share/rmw_implementation_cmake/cmake)
[2.508s] -- Found rmw_fastrtps_cpp: 6.2.6 (/opt/ros/humble/share/rmw_fastrtps_cpp/cmake)
[2.771s] -- Found OpenSSL: /usr/lib/x86_64-linux-gnu/libcrypto.so (found version "3.0.2")  
[2.853s] -- Found FastRTPS: /opt/ros/humble/include  
[3.015s] -- Using RMW implementation 'rmw_fastrtps_cpp' as default
[3.046s] -- Looking for pthread.h
[3.223s] -- Looking for pthread.h - found
[3.224s] -- Performing Test CMAKE_HAVE_LIBC_PTHREAD
[3.354s] -- Performing Test CMAKE_HAVE_LIBC_PTHREAD - Success
[3.357s] -- Found Threads: TRUE  
[3.891s] -- Found rclcpp_action: 16.0.9 (/opt/ros/humble/share/rclcpp_action/cmake)
[3.994s] -- Found ament_lint_auto: 0.12.11 (/opt/ros/humble/share/ament_lint_auto/cmake)
[4.253s] -- Added test 'copyright' to check source files copyright and LICENSE
[4.255s] -- Added test 'cppcheck' to perform static code analysis on C / C++ code
[4.256s] -- Configured cppcheck include dirs: 
[4.257s] -- Configured cppcheck exclude dirs and/or files: 
[4.266s] -- Added test 'cpplint' to check C / C++ code against the Google style
[4.268s] -- Configured cpplint exclude dirs and/or files: 
[4.268s] -- Added test 'lint_cmake' to check CMake code style
[4.270s] -- Added test 'uncrustify' to check C / C++ code style
[4.270s] -- Configured uncrustify additional arguments: 
[4.271s] -- Added test 'xmllint' to check XML markup files
[4.273s] -- Configuring done
[4.304s] -- Generating done
[4.309s] -- Build files have been written to: /home/oscar/ros2_ws_2402/build/examples_rclcpp_minimal_action_server
[4.342s] Invoked command in '/home/oscar/ros2_ws_2402/build/examples_rclcpp_minimal_action_server' returned '0': CMAKE_PREFIX_PATH=/opt/ros/humble /usr/bin/cmake /home/oscar/ros2_ws_2402/src/examples/rclcpp/actions/minimal_action_server -DCMAKE_INSTALL_PREFIX=/home/oscar/ros2_ws_2402/install/examples_rclcpp_minimal_action_server
[4.343s] Invoking command in '/home/oscar/ros2_ws_2402/build/examples_rclcpp_minimal_action_server': CMAKE_PREFIX_PATH=/opt/ros/humble /usr/bin/cmake --build /home/oscar/ros2_ws_2402/build/examples_rclcpp_minimal_action_server -- -j8 -l8
