[0.039s] Invoking command in '/home/oscar/ros2_ws_2402/build/examples_rclcpp_minimal_publisher': CMAKE_PREFIX_PATH=/opt/ros/humble /usr/bin/cmake /home/oscar/ros2_ws_2402/src/examples/rclcpp/topics/minimal_publisher -DCMAKE_INSTALL_PREFIX=/home/oscar/ros2_ws_2402/install/examples_rclcpp_minimal_publisher
[0.170s] -- The C compiler identification is GNU 11.4.0
[0.307s] -- The CXX compiler identification is GNU 11.4.0
[0.328s] -- Detecting C compiler ABI info
[0.496s] -- Detecting C compiler ABI info - done
[0.519s] -- Check for working C compiler: /usr/bin/cc - skipped
[0.520s] -- Detecting C compile features
[0.521s] -- Detecting C compile features - done
[0.528s] -- Detecting CXX compiler ABI info
[0.725s] -- Detecting CXX compiler ABI info - done
[0.747s] -- Check for working CXX compiler: /usr/bin/c++ - skipped
[0.748s] -- Detecting CXX compile features
[0.750s] -- Detecting CXX compile features - done
[0.757s] -- Found ament_cmake: 1.3.9 (/opt/ros/humble/share/ament_cmake/cmake)
[1.172s] -- Found Python3: /usr/bin/python3 (found version "3.10.12") found components: Interpreter 
[1.430s] -- Found rclcpp: 16.0.9 (/opt/ros/humble/share/rclcpp/cmake)
[1.557s] -- Found rosidl_generator_c: 3.1.5 (/opt/ros/humble/share/rosidl_generator_c/cmake)
[1.573s] -- Found rosidl_adapter: 3.1.5 (/opt/ros/humble/share/rosidl_adapter/cmake)
[1.598s] -- Found rosidl_generator_cpp: 3.1.5 (/opt/ros/humble/share/rosidl_generator_cpp/cmake)
[1.638s] -- Using all available rosidl_typesupport_c: rosidl_typesupport_fastrtps_c;rosidl_typesupport_introspection_c
[1.704s] -- Using all available rosidl_typesupport_cpp: rosidl_typesupport_fastrtps_cpp;rosidl_typesupport_introspection_cpp
[1.944s] -- Found rmw_implementation_cmake: 6.1.2 (/opt/ros/humble/share/rmw_implementation_cmake/cmake)
[1.953s] -- Found rmw_fastrtps_cpp: 6.2.6 (/opt/ros/humble/share/rmw_fastrtps_cpp/cmake)
[2.264s] -- Found OpenSSL: /usr/lib/x86_64-linux-gnu/libcrypto.so (found version "3.0.2")  
[2.327s] -- Found FastRTPS: /opt/ros/humble/include  
[2.425s] -- Using RMW implementation 'rmw_fastrtps_cpp' as default
[2.447s] -- Looking for pthread.h
[2.649s] -- Looking for pthread.h - found
[2.660s] -- Performing Test CMAKE_HAVE_LIBC_PTHREAD
[2.827s] -- Performing Test CMAKE_HAVE_LIBC_PTHREAD - Success
[2.830s] -- Found Threads: TRUE  
[3.434s] -- Found ament_lint_auto: 0.12.11 (/opt/ros/humble/share/ament_lint_auto/cmake)
[3.827s] -- Added test 'copyright' to check source files copyright and LICENSE
[3.841s] -- Added test 'cppcheck' to perform static code analysis on C / C++ code
[3.843s] -- Configured cppcheck include dirs: 
[3.843s] -- Configured cppcheck exclude dirs and/or files: 
[3.845s] -- Added test 'cpplint' to check C / C++ code against the Google style
[3.846s] -- Configured cpplint exclude dirs and/or files: 
[3.847s] -- Added test 'lint_cmake' to check CMake code style
[3.850s] -- Added test 'uncrustify' to check C / C++ code style
[3.850s] -- Configured uncrustify additional arguments: 
[3.851s] -- Added test 'xmllint' to check XML markup files
[3.855s] -- Configuring done
[3.937s] -- Generating done
[3.942s] -- Build files have been written to: /home/oscar/ros2_ws_2402/build/examples_rclcpp_minimal_publisher
[3.979s] Invoked command in '/home/oscar/ros2_ws_2402/build/examples_rclcpp_minimal_publisher' returned '0': CMAKE_PREFIX_PATH=/opt/ros/humble /usr/bin/cmake /home/oscar/ros2_ws_2402/src/examples/rclcpp/topics/minimal_publisher -DCMAKE_INSTALL_PREFIX=/home/oscar/ros2_ws_2402/install/examples_rclcpp_minimal_publisher
[3.980s] Invoking command in '/home/oscar/ros2_ws_2402/build/examples_rclcpp_minimal_publisher': CMAKE_PREFIX_PATH=/opt/ros/humble /usr/bin/cmake --build /home/oscar/ros2_ws_2402/build/examples_rclcpp_minimal_publisher -- -j8 -l8
[4.364s] [ 16%] [32mBuilding CXX object CMakeFiles/publisher_member_function.dir/member_function.cpp.o[0m
[4.364s] [ 33%] [32mBuilding CXX object CMakeFiles/publisher_lambda.dir/lambda.cpp.o[0m
[4.388s] [ 50%] [32mBuilding CXX object CMakeFiles/publisher_not_composable.dir/not_composable.cpp.o[0m
