[0.040s] Invoking command in '/home/oscar/ros2_ws_2402/build/examples_rclcpp_minimal_service': CMAKE_PREFIX_PATH=/opt/ros/humble /usr/bin/cmake /home/oscar/ros2_ws_2402/src/examples/rclcpp/services/minimal_service -DCMAKE_INSTALL_PREFIX=/home/oscar/ros2_ws_2402/install/examples_rclcpp_minimal_service
[0.171s] -- The C compiler identification is GNU 11.4.0
[0.323s] -- The CXX compiler identification is GNU 11.4.0
[0.325s] -- Detecting C compiler ABI info
[0.495s] -- Detecting C compiler ABI info - done
[0.510s] -- Check for working C compiler: /usr/bin/cc - skipped
[0.510s] -- Detecting C compile features
[0.511s] -- Detecting C compile features - done
[0.518s] -- Detecting CXX compiler ABI info
[0.717s] -- Detecting CXX compiler ABI info - done
[0.735s] -- Check for working CXX compiler: /usr/bin/c++ - skipped
[0.736s] -- Detecting CXX compile features
[0.737s] -- Detecting CXX compile features - done
[0.744s] -- Found ament_cmake: 1.3.9 (/opt/ros/humble/share/ament_cmake/cmake)
[1.153s] -- Found Python3: /usr/bin/python3 (found version "3.10.12") found components: Interpreter 
[1.398s] -- Found example_interfaces: 0.9.3 (/opt/ros/humble/share/example_interfaces/cmake)
[1.512s] -- Found rosidl_generator_c: 3.1.5 (/opt/ros/humble/share/rosidl_generator_c/cmake)
[1.529s] -- Found rosidl_adapter: 3.1.5 (/opt/ros/humble/share/rosidl_adapter/cmake)
[1.557s] -- Found rosidl_generator_cpp: 3.1.5 (/opt/ros/humble/share/rosidl_generator_cpp/cmake)
[1.603s] -- Using all available rosidl_typesupport_c: rosidl_typesupport_fastrtps_c;rosidl_typesupport_introspection_c
[1.666s] -- Using all available rosidl_typesupport_cpp: rosidl_typesupport_fastrtps_cpp;rosidl_typesupport_introspection_cpp
[2.204s] -- Found rclcpp: 16.0.9 (/opt/ros/humble/share/rclcpp/cmake)
[2.450s] -- Found rmw_implementation_cmake: 6.1.2 (/opt/ros/humble/share/rmw_implementation_cmake/cmake)
[2.459s] -- Found rmw_fastrtps_cpp: 6.2.6 (/opt/ros/humble/share/rmw_fastrtps_cpp/cmake)
[2.797s] -- Found OpenSSL: /usr/lib/x86_64-linux-gnu/libcrypto.so (found version "3.0.2")  
[2.865s] -- Found FastRTPS: /opt/ros/humble/include  
[3.047s] -- Using RMW implementation 'rmw_fastrtps_cpp' as default
[3.085s] -- Looking for pthread.h
[3.321s] -- Looking for pthread.h - found
[3.322s] -- Performing Test CMAKE_HAVE_LIBC_PTHREAD
[3.522s] -- Performing Test CMAKE_HAVE_LIBC_PTHREAD - Success
[3.524s] -- Found Threads: TRUE  
[4.060s] -- Found ament_lint_auto: 0.12.11 (/opt/ros/humble/share/ament_lint_auto/cmake)
[4.326s] -- Added test 'copyright' to check source files copyright and LICENSE
[4.332s] -- Added test 'cppcheck' to perform static code analysis on C / C++ code
[4.333s] -- Configured cppcheck include dirs: 
[4.333s] -- Configured cppcheck exclude dirs and/or files: 
[4.334s] -- Added test 'cpplint' to check C / C++ code against the Google style
[4.334s] -- Configured cpplint exclude dirs and/or files: 
[4.345s] -- Added test 'lint_cmake' to check CMake code style
[4.347s] -- Added test 'uncrustify' to check C / C++ code style
[4.348s] -- Configured uncrustify additional arguments: 
[4.349s] -- Added test 'xmllint' to check XML markup files
[4.352s] -- Configuring done
[4.383s] -- Generating done
[4.389s] -- Build files have been written to: /home/oscar/ros2_ws_2402/build/examples_rclcpp_minimal_service
[4.444s] Invoked command in '/home/oscar/ros2_ws_2402/build/examples_rclcpp_minimal_service' returned '0': CMAKE_PREFIX_PATH=/opt/ros/humble /usr/bin/cmake /home/oscar/ros2_ws_2402/src/examples/rclcpp/services/minimal_service -DCMAKE_INSTALL_PREFIX=/home/oscar/ros2_ws_2402/install/examples_rclcpp_minimal_service
[4.445s] Invoking command in '/home/oscar/ros2_ws_2402/build/examples_rclcpp_minimal_service': CMAKE_PREFIX_PATH=/opt/ros/humble /usr/bin/cmake --build /home/oscar/ros2_ws_2402/build/examples_rclcpp_minimal_service -- -j8 -l8
