[0.041s] Invoking command in '/home/oscar/ros2_ws_2402/build/examples_rclcpp_minimal_client': CMAKE_PREFIX_PATH=/opt/ros/humble /usr/bin/cmake /home/oscar/ros2_ws_2402/src/examples/rclcpp/services/minimal_client -DCMAKE_INSTALL_PREFIX=/home/oscar/ros2_ws_2402/install/examples_rclcpp_minimal_client
[0.180s] -- The C compiler identification is GNU 11.4.0
[0.319s] -- The CXX compiler identification is GNU 11.4.0
[0.337s] -- Detecting C compiler ABI info
[0.499s] -- Detecting C compiler ABI info - done
[0.516s] -- Check for working C compiler: /usr/bin/cc - skipped
[0.516s] -- Detecting C compile features
[0.517s] -- Detecting C compile features - done
[0.525s] -- Detecting CXX compiler ABI info
[0.720s] -- Detecting CXX compiler ABI info - done
[0.736s] -- Check for working CXX compiler: /usr/bin/c++ - skipped
[0.737s] -- Detecting CXX compile features
[0.745s] -- Detecting CXX compile features - done
[0.745s] -- Found ament_cmake: 1.3.9 (/opt/ros/humble/share/ament_cmake/cmake)
[1.114s] -- Found Python3: /usr/bin/python3 (found version "3.10.12") found components: Interpreter 
[1.335s] -- Found example_interfaces: 0.9.3 (/opt/ros/humble/share/example_interfaces/cmake)
[1.414s] -- Found rosidl_generator_c: 3.1.5 (/opt/ros/humble/share/rosidl_generator_c/cmake)
[1.425s] -- Found rosidl_adapter: 3.1.5 (/opt/ros/humble/share/rosidl_adapter/cmake)
[1.445s] -- Found rosidl_generator_cpp: 3.1.5 (/opt/ros/humble/share/rosidl_generator_cpp/cmake)
[1.475s] -- Using all available rosidl_typesupport_c: rosidl_typesupport_fastrtps_c;rosidl_typesupport_introspection_c
[1.517s] -- Using all available rosidl_typesupport_cpp: rosidl_typesupport_fastrtps_cpp;rosidl_typesupport_introspection_cpp
[1.870s] -- Found rclcpp: 16.0.9 (/opt/ros/humble/share/rclcpp/cmake)
[1.996s] -- Found rmw_implementation_cmake: 6.1.2 (/opt/ros/humble/share/rmw_implementation_cmake/cmake)
[2.001s] -- Found rmw_fastrtps_cpp: 6.2.6 (/opt/ros/humble/share/rmw_fastrtps_cpp/cmake)
[2.218s] -- Found OpenSSL: /usr/lib/x86_64-linux-gnu/libcrypto.so (found version "3.0.2")  
[2.278s] -- Found FastRTPS: /opt/ros/humble/include  
[2.423s] -- Using RMW implementation 'rmw_fastrtps_cpp' as default
[2.454s] -- Looking for pthread.h
[2.662s] -- Looking for pthread.h - found
[2.662s] -- Performing Test CMAKE_HAVE_LIBC_PTHREAD
[2.832s] -- Performing Test CMAKE_HAVE_LIBC_PTHREAD - Success
[2.834s] -- Found Threads: TRUE  
[3.254s] -- Found ament_lint_auto: 0.12.11 (/opt/ros/humble/share/ament_lint_auto/cmake)
[3.514s] -- Added test 'copyright' to check source files copyright and LICENSE
[3.517s] -- Added test 'cppcheck' to perform static code analysis on C / C++ code
[3.517s] -- Configured cppcheck include dirs: 
[3.518s] -- Configured cppcheck exclude dirs and/or files: 
[3.520s] -- Added test 'cpplint' to check C / C++ code against the Google style
[3.520s] -- Configured cpplint exclude dirs and/or files: 
[3.522s] -- Added test 'lint_cmake' to check CMake code style
[3.524s] -- Added test 'uncrustify' to check C / C++ code style
[3.527s] -- Configured uncrustify additional arguments: 
[3.528s] -- Added test 'xmllint' to check XML markup files
[3.531s] -- Configuring done
[3.555s] -- Generating done
[3.560s] -- Build files have been written to: /home/oscar/ros2_ws_2402/build/examples_rclcpp_minimal_client
[3.598s] Invoked command in '/home/oscar/ros2_ws_2402/build/examples_rclcpp_minimal_client' returned '0': CMAKE_PREFIX_PATH=/opt/ros/humble /usr/bin/cmake /home/oscar/ros2_ws_2402/src/examples/rclcpp/services/minimal_client -DCMAKE_INSTALL_PREFIX=/home/oscar/ros2_ws_2402/install/examples_rclcpp_minimal_client
[3.599s] Invoking command in '/home/oscar/ros2_ws_2402/build/examples_rclcpp_minimal_client': CMAKE_PREFIX_PATH=/opt/ros/humble /usr/bin/cmake --build /home/oscar/ros2_ws_2402/build/examples_rclcpp_minimal_client -- -j8 -l8
[3.973s] [ 50%] [32mBuilding CXX object CMakeFiles/client_main.dir/main.cpp.o[0m
