[0.043s] Invoking command in '/home/oscar/ros2_ws_2402/build/examples_rclcpp_minimal_action_client': CMAKE_PREFIX_PATH=/opt/ros/humble /usr/bin/cmake /home/oscar/ros2_ws_2402/src/examples/rclcpp/actions/minimal_action_client -DCMAKE_INSTALL_PREFIX=/home/oscar/ros2_ws_2402/install/examples_rclcpp_minimal_action_client
[0.184s] -- The C compiler identification is GNU 11.4.0
[0.347s] -- The CXX compiler identification is GNU 11.4.0
[0.352s] -- Detecting C compiler ABI info
[0.519s] -- Detecting C compiler ABI info - done
[0.532s] -- Check for working C compiler: /usr/bin/cc - skipped
[0.532s] -- Detecting C compile features
[0.533s] -- Detecting C compile features - done
[0.539s] -- Detecting CXX compiler ABI info
[0.734s] -- Detecting CXX compiler ABI info - done
[0.751s] -- Check for working CXX compiler: /usr/bin/c++ - skipped
[0.751s] -- Detecting CXX compile features
[0.751s] -- Detecting CXX compile features - done
[0.756s] -- Found ament_cmake: 1.3.9 (/opt/ros/humble/share/ament_cmake/cmake)
[1.126s] -- Found Python3: /usr/bin/python3 (found version "3.10.12") found components: Interpreter 
[1.343s] -- Found example_interfaces: 0.9.3 (/opt/ros/humble/share/example_interfaces/cmake)
[1.423s] -- Found rosidl_generator_c: 3.1.5 (/opt/ros/humble/share/rosidl_generator_c/cmake)
[1.435s] -- Found rosidl_adapter: 3.1.5 (/opt/ros/humble/share/rosidl_adapter/cmake)
[1.453s] -- Found rosidl_generator_cpp: 3.1.5 (/opt/ros/humble/share/rosidl_generator_cpp/cmake)
[1.482s] -- Using all available rosidl_typesupport_c: rosidl_typesupport_fastrtps_c;rosidl_typesupport_introspection_c
[1.530s] -- Using all available rosidl_typesupport_cpp: rosidl_typesupport_fastrtps_cpp;rosidl_typesupport_introspection_cpp
[1.899s] -- Found rclcpp: 16.0.9 (/opt/ros/humble/share/rclcpp/cmake)
[2.035s] -- Found rmw_implementation_cmake: 6.1.2 (/opt/ros/humble/share/rmw_implementation_cmake/cmake)
[2.041s] -- Found rmw_fastrtps_cpp: 6.2.6 (/opt/ros/humble/share/rmw_fastrtps_cpp/cmake)
[2.318s] -- Found OpenSSL: /usr/lib/x86_64-linux-gnu/libcrypto.so (found version "3.0.2")  
[2.409s] -- Found FastRTPS: /opt/ros/humble/include  
[2.580s] -- Using RMW implementation 'rmw_fastrtps_cpp' as default
[2.610s] -- Looking for pthread.h
[2.789s] -- Looking for pthread.h - found
[2.790s] -- Performing Test CMAKE_HAVE_LIBC_PTHREAD
[2.985s] -- Performing Test CMAKE_HAVE_LIBC_PTHREAD - Success
[2.988s] -- Found Threads: TRUE  
[3.536s] -- Found rclcpp_action: 16.0.9 (/opt/ros/humble/share/rclcpp_action/cmake)
[3.706s] -- Found ament_lint_auto: 0.12.11 (/opt/ros/humble/share/ament_lint_auto/cmake)
[4.020s] -- Added test 'copyright' to check source files copyright and LICENSE
[4.022s] -- Added test 'cppcheck' to perform static code analysis on C / C++ code
[4.023s] -- Configured cppcheck include dirs: 
[4.023s] -- Configured cppcheck exclude dirs and/or files: 
[4.026s] -- Added test 'cpplint' to check C / C++ code against the Google style
[4.026s] -- Configured cpplint exclude dirs and/or files: 
[4.028s] -- Added test 'lint_cmake' to check CMake code style
[4.030s] -- Added test 'uncrustify' to check C / C++ code style
[4.031s] -- Configured uncrustify additional arguments: 
[4.041s] -- Added test 'xmllint' to check XML markup files
[4.044s] -- Configuring done
[4.112s] -- Generating done
[4.116s] -- Build files have been written to: /home/oscar/ros2_ws_2402/build/examples_rclcpp_minimal_action_client
[4.156s] Invoked command in '/home/oscar/ros2_ws_2402/build/examples_rclcpp_minimal_action_client' returned '0': CMAKE_PREFIX_PATH=/opt/ros/humble /usr/bin/cmake /home/oscar/ros2_ws_2402/src/examples/rclcpp/actions/minimal_action_client -DCMAKE_INSTALL_PREFIX=/home/oscar/ros2_ws_2402/install/examples_rclcpp_minimal_action_client
[4.157s] Invoking command in '/home/oscar/ros2_ws_2402/build/examples_rclcpp_minimal_action_client': CMAKE_PREFIX_PATH=/opt/ros/humble /usr/bin/cmake --build /home/oscar/ros2_ws_2402/build/examples_rclcpp_minimal_action_client -- -j8 -l8
[4.499s] [ 12%] [32mBuilding CXX object CMakeFiles/action_client_member_functions.dir/member_functions.cpp.o[0m
[4.502s] [ 25%] [32mBuilding CXX object CMakeFiles/action_client_not_composable.dir/not_composable.cpp.o[0m
[4.527s] [ 37%] [32mBuilding CXX object CMakeFiles/action_client_not_composable_with_cancel.dir/not_composable_with_cancel.cpp.o[0m
[4.560s] [ 50%] [32mBuilding CXX object CMakeFiles/action_client_not_composable_with_feedback.dir/not_composable_with_feedback.cpp.o[0m
[25.024s] [01m[K/home/oscar/ros2_ws_2402/src/examples/rclcpp/actions/minimal_action_client/member_functions.cpp:[m[K In member function ‘[01m[Kvoid MinimalActionClient::send_goal()[m[K’:
[25.028s] [01m[K/home/oscar/ros2_ws_2402/src/examples/rclcpp/actions/minimal_action_client/member_functions.cpp:75:71:[m[K [01;31m[Kerror: [m[Kno match for ‘[01m[Koperator=[m[K’ (operand types are ‘[01m[Krclcpp_action::Client<example_interfaces::action::Fibonacci>::GoalResponseCallback[m[K’ {aka ‘[01m[Kstd::function<void(std::shared_ptr<rclcpp_action::ClientGoalHandle<example_interfaces::action::Fibonacci> >)>[m[K’} and ‘[01m[Kstd::_Bind_helper<false, void (MinimalActionClient::*)(std::shared_future<std::shared_ptr<rclcpp_action::ClientGoalHandle<example_interfaces::action::Fibonacci> > >), MinimalActionClient*, const std::_Placeholder<1>&>::type[m[K’)
[25.029s]    75 |      std::bind(&MinimalActionClient::goal_response_callback, this, _1[01;31m[K)[m[K;
[25.029s]       |                                                                      [01;31m[K^[m[K
[25.030s] 
[25.030s] In file included from [01m[K/usr/include/c++/11/functional:59[m[K,
[25.031s]                  from [01m[K/usr/include/c++/11/pstl/glue_algorithm_defs.h:13[m[K,
[25.031s]                  from [01m[K/usr/include/c++/11/algorithm:74[m[K,
[25.034s]                  from [01m[K/opt/ros/humble/include/example_interfaces/example_interfaces/action/detail/fibonacci__struct.hpp:8[m[K,
[25.035s]                  from [01m[K/opt/ros/humble/include/example_interfaces/example_interfaces/action/fibonacci.hpp:7[m[K,
[25.035s]                  from [01m[K/home/oscar/ros2_ws_2402/src/examples/rclcpp/actions/minimal_action_client/member_functions.cpp:19[m[K:
[25.036s] [01m[K/usr/include/c++/11/bits/std_function.h:530:9:[m[K [01;36m[Knote: [m[Kcandidate: ‘[01m[Ktemplate<class _Functor> std::function<_Res(_ArgTypes ...)>::_Requires<std::function<_Res(_ArgTypes ...)>::_Callable<_Functor>, std::function<_Res(_ArgTypes ...)>&> std::function<_Res(_ArgTypes ...)>::operator=(_Functor&&) [with _Functor = _Functor; _Res = void; _ArgTypes = {std::shared_ptr<rclcpp_action::ClientGoalHandle<example_interfaces::action::Fibonacci> >}][m[K’
[25.036s]   530 |         [01;36m[Koperator[m[K=(_Functor&& __f)
[25.036s]       |         [01;36m[K^~~~~~~~[m[K
[25.037s] [01m[K/usr/include/c++/11/bits/std_function.h:530:9:[m[K [01;36m[Knote: [m[K  template argument deduction/substitution failed:
[25.037s] In file included from [01m[K/usr/include/c++/11/bits/move.h:57[m[K,
[25.037s]                  from [01m[K/usr/include/c++/11/bits/stl_pair.h:59[m[K,
[25.037s]                  from [01m[K/usr/include/c++/11/bits/stl_algobase.h:64[m[K,
[25.037s]                  from [01m[K/usr/include/c++/11/memory:63[m[K,
[25.038s]                  from [01m[K/home/oscar/ros2_ws_2402/src/examples/rclcpp/actions/minimal_action_client/member_functions.cpp:16[m[K:
[25.039s] /usr/include/c++/11/type_traits: In substitution of ‘[01m[Ktemplate<bool _Cond, class _Tp> using __enable_if_t = typename std::enable_if::type [with bool _Cond = false; _Tp = std::function<void(std::shared_ptr<rclcpp_action::ClientGoalHandle<example_interfaces::action::Fibonacci> >)>&][m[K’:
[25.040s] [01m[K/usr/include/c++/11/bits/std_function.h:353:8:[m[K   required by substitution of ‘[01m[Ktemplate<class _Res, class ... _ArgTypes> template<class _Cond, class _Tp> using _Requires = std::__enable_if_t<_Cond::value, _Tp> [with _Cond = std::function<void(std::shared_ptr<rclcpp_action::ClientGoalHandle<example_interfaces::action::Fibonacci> >)>::_Callable<std::_Bind<void (MinimalActionClient::*(MinimalActionClient*, std::_Placeholder<1>))(std::shared_future<std::shared_ptr<rclcpp_action::ClientGoalHandle<example_interfaces::action::Fibonacci> > >)>, std::_Bind<void (MinimalActionClient::*(MinimalActionClient*, std::_Placeholder<1>))(std::shared_future<std::shared_ptr<rclcpp_action::ClientGoalHandle<example_interfaces::action::Fibonacci> > >)>, std::__invoke_result<std::_Bind<void (MinimalActionClient::*(MinimalActionClient*, std::_Placeholder<1>))(std::shared_future<std::shared_ptr<rclcpp_action::ClientGoalHandle<example_interfaces::action::Fibonacci> > >)>&, std::shared_ptr<rclcpp_action::ClientGoalHandle<example_interfaces::action::Fibonacci> > > >; _Tp = std::function<void(std::shared_ptr<rclcpp_action::ClientGoalHandle<example_interfaces::action::Fibonacci> >)>&; _Res = void; _ArgTypes = {std::shared_ptr<rclcpp_action::ClientGoalHandle<example_interfaces::action::Fibonacci> >}][m[K’
[25.040s] [01m[K/usr/include/c++/11/bits/std_function.h:530:2:[m[K   required by substitution of ‘[01m[Ktemplate<class _Functor> std::function<void(std::shared_ptr<rclcpp_action::ClientGoalHandle<example_interfaces::action::Fibonacci> >)>::_Requires<std::function<void(std::shared_ptr<rclcpp_action::ClientGoalHandle<example_interfaces::action::Fibonacci> >)>::_Callable<_Functor, typename std::enable_if<(! std::is_same<typename std::remove_cv<typename std::remove_reference<_Tp>::type>::type, std::function<void(std::shared_ptr<rclcpp_action::ClientGoalHandle<example_interfaces::action::Fibonacci> >)> >::value), std::decay<_Tp> >::type::type, std::__invoke_result<typename std::enable_if<(! std::is_same<typename std::remove_cv<typename std::remove_reference<_Tp>::type>::type, std::function<void(std::shared_ptr<rclcpp_action::ClientGoalHandle<example_interfaces::action::Fibonacci> >)> >::value), std::decay<_Tp> >::type::type&, std::shared_ptr<rclcpp_action::ClientGoalHandle<example_interfaces::action::Fibonacci> > > >, std::function<void(std::shared_ptr<rclcpp_action::ClientGoalHandle<example_interfaces::action::Fibonacci> >)>&> std::function<void(std::shared_ptr<rclcpp_action::ClientGoalHandle<example_interfaces::action::Fibonacci> >)>::operator=<_Functor>(_Functor&&) [with _Functor = std::_Bind<void (MinimalActionClient::*(MinimalActionClient*, std::_Placeholder<1>))(std::shared_future<std::shared_ptr<rclcpp_action::ClientGoalHandle<example_interfaces::action::Fibonacci> > >)>][m[K’
[25.041s] [01m[K/home/oscar/ros2_ws_2402/src/examples/rclcpp/actions/minimal_action_client/member_functions.cpp:75:71:[m[K   required from here
[25.041s] [01m[K/usr/include/c++/11/type_traits:2205:11:[m[K [01;31m[Kerror: [m[Kno type named ‘[01m[Ktype[m[K’ in ‘[01m[Kstruct std::enable_if<false, std::function<void(std::shared_ptr<rclcpp_action::ClientGoalHandle<example_interfaces::action::Fibonacci> >)>&>[m[K’
[25.041s]  2205 |     using [01;31m[K__enable_if_t[m[K = typename enable_if<_Cond, _Tp>::type;
[25.041s]       |           [01;31m[K^~~~~~~~~~~~~[m[K
[25.043s] In file included from [01m[K/usr/include/c++/11/functional:59[m[K,
[25.043s]                  from [01m[K/usr/include/c++/11/pstl/glue_algorithm_defs.h:13[m[K,
[25.043s]                  from [01m[K/usr/include/c++/11/algorithm:74[m[K,
[25.043s]                  from [01m[K/opt/ros/humble/include/example_interfaces/example_interfaces/action/detail/fibonacci__struct.hpp:8[m[K,
[25.044s]                  from [01m[K/opt/ros/humble/include/example_interfaces/example_interfaces/action/fibonacci.hpp:7[m[K,
[25.044s]                  from [01m[K/home/oscar/ros2_ws_2402/src/examples/rclcpp/actions/minimal_action_client/member_functions.cpp:19[m[K:
[25.044s] [01m[K/usr/include/c++/11/bits/std_function.h:540:9:[m[K [01;36m[Knote: [m[Kcandidate: ‘[01m[Ktemplate<class _Functor> std::function<_Res(_ArgTypes ...)>& std::function<_Res(_ArgTypes ...)>::operator=(std::reference_wrapper<_Functor>) [with _Functor = _Functor; _Res = void; _ArgTypes = {std::shared_ptr<rclcpp_action::ClientGoalHandle<example_interfaces::action::Fibonacci> >}][m[K’
[25.045s]   540 |         [01;36m[Koperator[m[K=(reference_wrapper<_Functor> __f) noexcept
[25.045s]       |         [01;36m[K^~~~~~~~[m[K
[25.045s] [01m[K/usr/include/c++/11/bits/std_function.h:540:9:[m[K [01;36m[Knote: [m[K  template argument deduction/substitution failed:
[25.045s] [01m[K/home/oscar/ros2_ws_2402/src/examples/rclcpp/actions/minimal_action_client/member_functions.cpp:75:71:[m[K [01;36m[Knote: [m[K  ‘[01m[Kstd::_Bind<void (MinimalActionClient::*(MinimalActionClient*, std::_Placeholder<1>))(std::shared_future<std::shared_ptr<rclcpp_action::ClientGoalHandle<example_interfaces::action::Fibonacci> > >)>[m[K’ is not derived from ‘[01m[Kstd::reference_wrapper<_Tp>[m[K’
[25.046s]    75 |      std::bind(&MinimalActionClient::goal_response_callback, this, _1[01;36m[K)[m[K;
[25.046s]       |                                                                      [01;36m[K^[m[K
[25.046s] 
[25.046s] In file included from [01m[K/usr/include/c++/11/functional:59[m[K,
[25.046s]                  from [01m[K/usr/include/c++/11/pstl/glue_algorithm_defs.h:13[m[K,
[25.047s]                  from [01m[K/usr/include/c++/11/algorithm:74[m[K,
[25.047s]                  from [01m[K/opt/ros/humble/include/example_interfaces/example_interfaces/action/detail/fibonacci__struct.hpp:8[m[K,
[25.047s]                  from [01m[K/opt/ros/humble/include/example_interfaces/example_interfaces/action/fibonacci.hpp:7[m[K,
[25.047s]                  from [01m[K/home/oscar/ros2_ws_2402/src/examples/rclcpp/actions/minimal_action_client/member_functions.cpp:19[m[K:
[25.048s] [01m[K/usr/include/c++/11/bits/std_function.h:469:7:[m[K [01;36m[Knote: [m[Kcandidate: ‘[01m[Kstd::function<_Res(_ArgTypes ...)>& std::function<_Res(_ArgTypes ...)>::operator=(const std::function<_Res(_ArgTypes ...)>&) [with _Res = void; _ArgTypes = {std::shared_ptr<rclcpp_action::ClientGoalHandle<example_interfaces::action::Fibonacci> >}][m[K’
[25.048s]   469 |       [01;36m[Koperator[m[K=(const function& __x)
[25.048s]       |       [01;36m[K^~~~~~~~[m[K
[25.048s] [01m[K/usr/include/c++/11/bits/std_function.h:469:33:[m[K [01;36m[Knote: [m[K  no known conversion for argument 1 from ‘[01m[Kstd::_Bind_helper<false, void (MinimalActionClient::*)(std::shared_future<std::shared_ptr<rclcpp_action::ClientGoalHandle<example_interfaces::action::Fibonacci> > >), MinimalActionClient*, const std::_Placeholder<1>&>::type[m[K’ to ‘[01m[Kconst std::function<void(std::shared_ptr<rclcpp_action::ClientGoalHandle<example_interfaces::action::Fibonacci> >)>&[m[K’
[25.049s]   469 |       operator=([01;36m[Kconst function& __x[m[K)
[25.049s]       |                 [01;36m[K~~~~~~~~~~~~~~~~^~~[m[K
[25.049s] [01m[K/usr/include/c++/11/bits/std_function.h:487:7:[m[K [01;36m[Knote: [m[Kcandidate: ‘[01m[Kstd::function<_Res(_ArgTypes ...)>& std::function<_Res(_ArgTypes ...)>::operator=(std::function<_Res(_ArgTypes ...)>&&) [with _Res = void; _ArgTypes = {std::shared_ptr<rclcpp_action::ClientGoalHandle<example_interfaces::action::Fibonacci> >}][m[K’
[25.050s]   487 |       [01;36m[Koperator[m[K=(function&& __x) noexcept
[25.050s]       |       [01;36m[K^~~~~~~~[m[K
[25.050s] [01m[K/usr/include/c++/11/bits/std_function.h:487:28:[m[K [01;36m[Knote: [m[K  no known conversion for argument 1 from ‘[01m[Kstd::_Bind_helper<false, void (MinimalActionClient::*)(std::shared_future<std::shared_ptr<rclcpp_action::ClientGoalHandle<example_interfaces::action::Fibonacci> > >), MinimalActionClient*, const std::_Placeholder<1>&>::type[m[K’ to ‘[01m[Kstd::function<void(std::shared_ptr<rclcpp_action::ClientGoalHandle<example_interfaces::action::Fibonacci> >)>&&[m[K’
[25.050s]   487 |       operator=([01;36m[Kfunction&& __x[m[K) noexcept
[25.051s]       |                 [01;36m[K~~~~~~~~~~~^~~[m[K
[25.051s] [01m[K/usr/include/c++/11/bits/std_function.h:501:7:[m[K [01;36m[Knote: [m[Kcandidate: ‘[01m[Kstd::function<_Res(_ArgTypes ...)>& std::function<_Res(_ArgTypes ...)>::operator=(std::nullptr_t) [with _Res = void; _ArgTypes = {std::shared_ptr<rclcpp_action::ClientGoalHandle<example_interfaces::action::Fibonacci> >}; std::nullptr_t = std::nullptr_t][m[K’
[25.051s]   501 |       [01;36m[Koperator[m[K=(nullptr_t) noexcept
[25.051s]       |       [01;36m[K^~~~~~~~[m[K
[25.052s] [01m[K/usr/include/c++/11/bits/std_function.h:501:17:[m[K [01;36m[Knote: [m[K  no known conversion for argument 1 from ‘[01m[Kstd::_Bind_helper<false, void (MinimalActionClient::*)(std::shared_future<std::shared_ptr<rclcpp_action::ClientGoalHandle<example_interfaces::action::Fibonacci> > >), MinimalActionClient*, const std::_Placeholder<1>&>::type[m[K’ to ‘[01m[Kstd::nullptr_t[m[K’
[25.052s]   501 |       operator=([01;36m[Knullptr_t[m[K) noexcept
[25.052s]       |                 [01;36m[K^~~~~~~~~[m[K
